#! /c/Source/iverilog-install/bin/vvp
:ivl_version "12.0 (devel)" "(s20150603-1539-g2693dd32b)";
:ivl_delay_selection "TYPICAL";
:vpi_time_precision + 0;
:vpi_module "C:\iverilog\lib\ivl\system.vpi";
:vpi_module "C:\iverilog\lib\ivl\vhdl_sys.vpi";
:vpi_module "C:\iverilog\lib\ivl\vhdl_textio.vpi";
:vpi_module "C:\iverilog\lib\ivl\v2005_math.vpi";
:vpi_module "C:\iverilog\lib\ivl\va_math.vpi";
S_000001f4a0cebcf0 .scope module, "alu_16bit" "alu_16bit" 2 1;
 .timescale 0 0;
    .port_info 0 /INPUT 16 "FirstOperand";
    .port_info 1 /INPUT 16 "SeconedOperand";
    .port_info 2 /INPUT 7 "OP";
    .port_info 3 /INPUT 1 "En";
    .port_info 4 /OUTPUT 16 "Result";
    .port_info 5 /OUTPUT 1 "ZeroFlag";
    .port_info 6 /OUTPUT 1 "CarryFlag";
    .port_info 7 /OUTPUT 1 "NegativeFlag";
o000001f4a0ba6fa8 .functor BUFZ 1, C4<z>; HiZ drive
v000001f4a0cebe80_0 .net "CarryFlag", 0 0, o000001f4a0ba6fa8;  0 drivers
o000001f4a0ba6fd8 .functor BUFZ 1, C4<z>; HiZ drive
v000001f4a0cebf20_0 .net "En", 0 0, o000001f4a0ba6fd8;  0 drivers
o000001f4a0ba7008 .functor BUFZ 16, C4<zzzzzzzzzzzzzzzz>; HiZ drive
v000001f4a0b73340_0 .net "FirstOperand", 15 0, o000001f4a0ba7008;  0 drivers
o000001f4a0ba7038 .functor BUFZ 1, C4<z>; HiZ drive
v000001f4a0b733e0_0 .net "NegativeFlag", 0 0, o000001f4a0ba7038;  0 drivers
o000001f4a0ba7068 .functor BUFZ 7, C4<zzzzzzz>; HiZ drive
v000001f4a0b73480_0 .net "OP", 6 0, o000001f4a0ba7068;  0 drivers
o000001f4a0ba7098 .functor BUFZ 16, C4<zzzzzzzzzzzzzzzz>; HiZ drive
v000001f4a0b73520_0 .net "Result", 15 0, o000001f4a0ba7098;  0 drivers
o000001f4a0ba70c8 .functor BUFZ 16, C4<zzzzzzzzzzzzzzzz>; HiZ drive
v000001f4a0b735c0_0 .net "SeconedOperand", 15 0, o000001f4a0ba70c8;  0 drivers
v000001f4a0b73660_0 .var "TempResult", 16 0;
o000001f4a0ba7128 .functor BUFZ 1, C4<z>; HiZ drive
v000001f4a0b73700_0 .net "ZeroFlag", 0 0, o000001f4a0ba7128;  0 drivers
E_000001f4a0b94f40/0 .event anyedge, v000001f4a0cebf20_0, v000001f4a0b73480_0, v000001f4a0b73340_0, v000001f4a0b735c0_0;
E_000001f4a0b94f40/1 .event anyedge, v000001f4a0b73520_0;
E_000001f4a0b94f40 .event/or E_000001f4a0b94f40/0, E_000001f4a0b94f40/1;
    .scope S_000001f4a0cebcf0;
T_0 ;
    %wait E_000001f4a0b94f40;
    %load/vec4 v000001f4a0cebf20_0;
    %flag_set/vec4 8;
    %jmp/0xz  T_0.0, 8;
    %load/vec4 v000001f4a0b73480_0;
    %dup/vec4;
    %pushi/vec4 1, 0, 7;
    %cmp/u;
    %jmp/1 T_0.2, 6;
    %dup/vec4;
    %pushi/vec4 2, 0, 7;
    %cmp/u;
    %jmp/1 T_0.3, 6;
    %dup/vec4;
    %pushi/vec4 4, 0, 7;
    %cmp/u;
    %jmp/1 T_0.4, 6;
    %dup/vec4;
    %pushi/vec4 8, 0, 7;
    %cmp/u;
    %jmp/1 T_0.5, 6;
    %dup/vec4;
    %pushi/vec4 16, 0, 7;
    %cmp/u;
    %jmp/1 T_0.6, 6;
    %dup/vec4;
    %pushi/vec4 32, 0, 7;
    %cmp/u;
    %jmp/1 T_0.7, 6;
    %dup/vec4;
    %pushi/vec4 64, 0, 7;
    %cmp/u;
    %jmp/1 T_0.8, 6;
    %jmp T_0.9;
T_0.2 ;
    %load/vec4 v000001f4a0b73340_0;
    %pad/u 17;
    %load/vec4 v000001f4a0b735c0_0;
    %pad/u 17;
    %add;
    %store/vec4 v000001f4a0b73660_0, 0, 17;
    %jmp T_0.9;
T_0.3 ;
    %load/vec4 v000001f4a0b73340_0;
    %pad/u 17;
    %load/vec4 v000001f4a0b735c0_0;
    %pad/u 17;
    %sub;
    %store/vec4 v000001f4a0b73660_0, 0, 17;
    %jmp T_0.9;
T_0.4 ;
    %load/vec4 v000001f4a0b73340_0;
    %pad/u 17;
    %load/vec4 v000001f4a0b735c0_0;
    %pad/u 17;
    %and;
    %store/vec4 v000001f4a0b73660_0, 0, 17;
    %jmp T_0.9;
T_0.5 ;
    %load/vec4 v000001f4a0b73340_0;
    %pad/u 17;
    %load/vec4 v000001f4a0b735c0_0;
    %pad/u 17;
    %or;
    %store/vec4 v000001f4a0b73660_0, 0, 17;
    %jmp T_0.9;
T_0.6 ;
    %load/vec4 v000001f4a0b73340_0;
    %pad/u 17;
    %inv;
    %pushi/vec4 65535, 0, 17;
    %and;
    %store/vec4 v000001f4a0b73660_0, 0, 17;
    %jmp T_0.9;
T_0.7 ;
    %load/vec4 v000001f4a0b73340_0;
    %pad/u 17;
    %ix/getv 4, v000001f4a0b735c0_0;
    %shiftr 4;
    %store/vec4 v000001f4a0b73660_0, 0, 17;
    %jmp T_0.9;
T_0.8 ;
    %load/vec4 v000001f4a0b73340_0;
    %pad/u 17;
    %ix/getv 4, v000001f4a0b735c0_0;
    %shiftl 4;
    %store/vec4 v000001f4a0b73660_0, 0, 17;
    %jmp T_0.9;
T_0.9 ;
    %pop/vec4 1;
    %load/vec4 v000001f4a0b73520_0;
    %ix/load 4, 0, 0;
    %ix/load 5, 0, 0;
    %flag_set/imm 4, 0;
    %assign/vec4/off/d v000001f4a0b73660_0, 4, 5;
T_0.0 ;
    %jmp T_0;
    .thread T_0, $push;
# The file index is used to find the file name in the following table.
:file_names 3;
    "N/A";
    "<interactive>";
    "alu_16bit.v";
