#! /c/Source/iverilog-install/bin/vvp
:ivl_version "12.0 (devel)" "(s20150603-1539-g2693dd32b)";
:ivl_delay_selection "TYPICAL";
:vpi_time_precision + 0;
:vpi_module "C:\iverilog\lib\ivl\system.vpi";
:vpi_module "C:\iverilog\lib\ivl\vhdl_sys.vpi";
:vpi_module "C:\iverilog\lib\ivl\vhdl_textio.vpi";
:vpi_module "C:\iverilog\lib\ivl\v2005_math.vpi";
:vpi_module "C:\iverilog\lib\ivl\va_math.vpi";
S_000001c8a0402ce0 .scope module, "append_zeros" "append_zeros" 2 1;
 .timescale 0 0;
    .port_info 0 /INPUT 16 "InputData";
    .port_info 1 /OUTPUT 32 "OutputData";
o000001c8a0436838 .functor BUFZ 16, C4<zzzzzzzzzzzzzzzz>; HiZ drive
v000001c8a0402e70_0 .net "InputData", 15 0, o000001c8a0436838;  0 drivers
v000001c8a0402f10_0 .net "OutputData", 31 0, L_000001c8a0403050;  1 drivers
L_000001c8a047bca8 .functor BUFT 1, C4<0000000000000000>, C4<0>, C4<0>, C4<0>;
v000001c8a0402fb0_0 .net/2u *"_ivl_0", 15 0, L_000001c8a047bca8;  1 drivers
L_000001c8a0403050 .concat [ 16 16 0 0], o000001c8a0436838, L_000001c8a047bca8;
# The file index is used to find the file name in the following table.
:file_names 3;
    "N/A";
    "<interactive>";
    "append_zeros.v";
