#! /c/Source/iverilog-install/bin/vvp
:ivl_version "12.0 (devel)" "(s20150603-1539-g2693dd32b)";
:ivl_delay_selection "TYPICAL";
:vpi_time_precision + 0;
:vpi_module "C:\iverilog\lib\ivl\system.vpi";
:vpi_module "C:\iverilog\lib\ivl\vhdl_sys.vpi";
:vpi_module "C:\iverilog\lib\ivl\vhdl_textio.vpi";
:vpi_module "C:\iverilog\lib\ivl\v2005_math.vpi";
:vpi_module "C:\iverilog\lib\ivl\va_math.vpi";
S_000002330cdc6bf0 .scope module, "call_control" "call_control" 2 1;
 .timescale 0 0;
    .port_info 0 /INPUT 1 "intSignal";
    .port_info 1 /INPUT 1 "clk";
    .port_info 2 /INPUT 1 "rst";
    .port_info 3 /OUTPUT 4 "out";
o000002330ce17fb8 .functor BUFZ 1, C4<z>; HiZ drive
v000002330cdc6d80_0 .net "clk", 0 0, o000002330ce17fb8;  0 drivers
v000002330cdc6e20_0 .var "counter", 2 0;
o000002330ce18018 .functor BUFZ 1, C4<z>; HiZ drive
v000002330cdc6ec0_0 .net "intSignal", 0 0, o000002330ce18018;  0 drivers
v000002330cdc6f60_0 .var "out", 3 0;
o000002330ce18078 .functor BUFZ 1, C4<z>; HiZ drive
v000002330cdc7000_0 .net "rst", 0 0, o000002330ce18078;  0 drivers
v000002330cdcbc90_0 .var "sig", 0 0;
v000002330cdcbd30_0 .var "status", 2 0;
E_000002330cdc8d60 .event posedge, v000002330cdc6d80_0;
    .scope S_000002330cdc6bf0;
T_0 ;
    %wait E_000002330cdc8d60;
    %load/vec4 v000002330cdc7000_0;
    %pad/u 32;
    %cmpi/e 1, 0, 32;
    %jmp/0xz  T_0.0, 4;
    %pushi/vec4 1, 0, 3;
    %store/vec4 v000002330cdcbd30_0, 0, 3;
    %pushi/vec4 0, 0, 4;
    %store/vec4 v000002330cdc6f60_0, 0, 4;
    %pushi/vec4 0, 0, 3;
    %store/vec4 v000002330cdc6e20_0, 0, 3;
    %pushi/vec4 1, 0, 1;
    %store/vec4 v000002330cdcbc90_0, 0, 1;
T_0.0 ;
    %load/vec4 v000002330cdcbd30_0;
    %cmpi/u 0, 0, 3;
    %flag_or 5, 4; GT is !LE
    %flag_inv 5;
    %flag_get/vec4 5;
    %jmp/0 T_0.5, 5;
    %load/vec4 v000002330cdc6e20_0;
    %cmpi/u 7, 0, 3;
    %flag_get/vec4 5;
    %and;
T_0.5;
    %flag_set/vec4 9;
    %flag_get/vec4 9;
    %jmp/0 T_0.4, 9;
    %load/vec4 v000002330cdc6ec0_0;
    %and;
T_0.4;
    %flag_set/vec4 8;
    %jmp/0xz  T_0.2, 8;
    %vpi_call 2 23 "$display", "status   = %b", v000002330cdcbd30_0 {0 0 0};
    %load/vec4 v000002330cdcbd30_0;
    %cmpi/e 1, 0, 3;
    %jmp/1 T_0.9, 4;
    %flag_mov 8, 4;
    %load/vec4 v000002330cdcbd30_0;
    %cmpi/e 2, 0, 3;
    %flag_or 4, 8;
T_0.9;
    %jmp/1 T_0.8, 4;
    %flag_mov 8, 4;
    %load/vec4 v000002330cdcbd30_0;
    %cmpi/e 3, 0, 3;
    %flag_or 4, 8;
T_0.8;
    %jmp/0xz  T_0.6, 4;
    %pushi/vec4 1, 0, 4;
    %store/vec4 v000002330cdc6f60_0, 0, 4;
    %jmp T_0.7;
T_0.6 ;
    %load/vec4 v000002330cdcbd30_0;
    %cmpi/e 4, 0, 3;
    %jmp/0xz  T_0.10, 4;
    %pushi/vec4 3, 0, 4;
    %store/vec4 v000002330cdc6f60_0, 0, 4;
    %jmp T_0.11;
T_0.10 ;
    %load/vec4 v000002330cdcbd30_0;
    %cmpi/e 5, 0, 3;
    %jmp/0xz  T_0.12, 4;
    %pushi/vec4 7, 0, 4;
    %store/vec4 v000002330cdc6f60_0, 0, 4;
    %jmp T_0.13;
T_0.12 ;
    %load/vec4 v000002330cdcbd30_0;
    %cmpi/e 6, 0, 3;
    %jmp/0xz  T_0.14, 4;
    %pushi/vec4 8, 0, 4;
    %store/vec4 v000002330cdc6f60_0, 0, 4;
    %jmp T_0.15;
T_0.14 ;
    %pushi/vec4 0, 0, 4;
    %store/vec4 v000002330cdc6f60_0, 0, 4;
T_0.15 ;
T_0.13 ;
T_0.11 ;
T_0.7 ;
    %load/vec4 v000002330cdc6e20_0;
    %addi 1, 0, 3;
    %store/vec4 v000002330cdc6e20_0, 0, 3;
    %load/vec4 v000002330cdcbd30_0;
    %addi 1, 0, 3;
    %store/vec4 v000002330cdcbd30_0, 0, 3;
T_0.2 ;
    %jmp T_0;
    .thread T_0;
# The file index is used to find the file name in the following table.
:file_names 3;
    "N/A";
    "<interactive>";
    "call_control.v";
