#! /c/Source/iverilog-install/bin/vvp
:ivl_version "12.0 (devel)" "(s20150603-1539-g2693dd32b)";
:ivl_delay_selection "TYPICAL";
:vpi_time_precision + 0;
:vpi_module "C:\iverilog\lib\ivl\system.vpi";
:vpi_module "C:\iverilog\lib\ivl\vhdl_sys.vpi";
:vpi_module "C:\iverilog\lib\ivl\vhdl_textio.vpi";
:vpi_module "C:\iverilog\lib\ivl\v2005_math.vpi";
:vpi_module "C:\iverilog\lib\ivl\va_math.vpi";
S_0000010b5a456bf0 .scope module, "control_unit" "control_unit" 2 1;
 .timescale 0 0;
    .port_info 0 /INPUT 16 "In";
    .port_info 1 /OUTPUT 20 "Output";
L_0000010b5a4d99a0/0/0 .functor AND 1, L_0000010b5a4d9b60, L_0000010b5a4d9d90, L_0000010b5a541ac0, L_0000010b5a4d9ee0;
L_0000010b5a4d99a0/0/4 .functor AND 1, L_0000010b5a541d40, C4<1>, C4<1>, C4<1>;
L_0000010b5a4d99a0 .functor AND 1, L_0000010b5a4d99a0/0/0, L_0000010b5a4d99a0/0/4, C4<1>, C4<1>;
L_0000010b5a4d9b60 .functor NOT 1, L_0000010b5a541980, C4<0>, C4<0>, C4<0>;
L_0000010b5a4d9d90 .functor NOT 1, L_0000010b5a540300, C4<0>, C4<0>, C4<0>;
L_0000010b5a4d9ee0 .functor NOT 1, L_0000010b5a540bc0, C4<0>, C4<0>, C4<0>;
L_0000010b5a4d9930/0/0 .functor AND 1, L_0000010b5a5418e0, L_0000010b5a5406c0, L_0000010b5a4d9e00, L_0000010b5a541520;
L_0000010b5a4d9930/0/4 .functor AND 1, L_0000010b5a4d9f50, C4<1>, C4<1>, C4<1>;
L_0000010b5a4d9930 .functor AND 1, L_0000010b5a4d9930/0/0, L_0000010b5a4d9930/0/4, C4<1>, C4<1>;
L_0000010b5a4d9e00 .functor NOT 1, L_0000010b5a541840, C4<0>, C4<0>, C4<0>;
L_0000010b5a4d9f50 .functor NOT 1, L_0000010b5a53fea0, C4<0>, C4<0>, C4<0>;
L_0000010b5a4d9cb0/0/0 .functor AND 1, L_0000010b5a540080, L_0000010b5a541b60, L_0000010b5a4d9d20, L_0000010b5a4d98c0;
L_0000010b5a4d9cb0/0/4 .functor AND 1, L_0000010b5a541de0, C4<1>, C4<1>, C4<1>;
L_0000010b5a4d9cb0 .functor AND 1, L_0000010b5a4d9cb0/0/0, L_0000010b5a4d9cb0/0/4, C4<1>, C4<1>;
L_0000010b5a4d9d20 .functor NOT 1, L_0000010b5a540260, C4<0>, C4<0>, C4<0>;
L_0000010b5a4d98c0 .functor NOT 1, L_0000010b5a53fd60, C4<0>, C4<0>, C4<0>;
L_0000010b5a4d9bd0/0/0 .functor AND 1, L_0000010b5a53f9a0, L_0000010b5a5415c0, L_0000010b5a4d9e70, L_0000010b5a4d9a80;
L_0000010b5a4d9bd0/0/4 .functor AND 1, L_0000010b5a4d9a10, C4<1>, C4<1>, C4<1>;
L_0000010b5a4d9bd0 .functor AND 1, L_0000010b5a4d9bd0/0/0, L_0000010b5a4d9bd0/0/4, C4<1>, C4<1>;
L_0000010b5a4d9e70 .functor NOT 1, L_0000010b5a541660, C4<0>, C4<0>, C4<0>;
L_0000010b5a4d9a80 .functor NOT 1, L_0000010b5a541c00, C4<0>, C4<0>, C4<0>;
L_0000010b5a4d9a10 .functor NOT 1, L_0000010b5a540440, C4<0>, C4<0>, C4<0>;
L_0000010b5a4d9850 .functor OR 1, L_0000010b5a540e40, L_0000010b5a540760, C4<0>, C4<0>;
L_0000010b5a5a8cb0 .functor OR 1, L_0000010b5a4d9850, L_0000010b5a53ffe0, C4<0>, C4<0>;
L_0000010b5a5a82a0 .functor OR 1, L_0000010b5a5a8cb0, L_0000010b5a540ee0, C4<0>, C4<0>;
L_0000010b5a5a80e0 .functor OR 1, L_0000010b5a5a82a0, L_0000010b5a541ca0, C4<0>, C4<0>;
L_0000010b5a5a8850/0/0 .functor AND 1, L_0000010b5a5a8e70, L_0000010b5a5a8a80, L_0000010b5a541160, L_0000010b5a5417a0;
L_0000010b5a5a8850/0/4 .functor AND 1, L_0000010b5a541f20, C4<1>, C4<1>, C4<1>;
L_0000010b5a5a8850 .functor AND 1, L_0000010b5a5a8850/0/0, L_0000010b5a5a8850/0/4, C4<1>, C4<1>;
L_0000010b5a5a8e70 .functor NOT 1, L_0000010b5a541e80, C4<0>, C4<0>, C4<0>;
L_0000010b5a5a8a80 .functor NOT 1, L_0000010b5a542060, C4<0>, C4<0>, C4<0>;
L_0000010b5a5a8c40 .functor OR 1, L_0000010b5a541fc0, L_0000010b5a53fae0, C4<0>, C4<0>;
L_0000010b5a5a8310 .functor OR 1, L_0000010b5a5a8c40, L_0000010b5a540800, C4<0>, C4<0>;
L_0000010b5a5a8d20 .functor OR 1, L_0000010b5a5a8310, L_0000010b5a540c60, C4<0>, C4<0>;
L_0000010b5a5a83f0 .functor OR 1, L_0000010b5a5a8d20, L_0000010b5a540120, C4<0>, C4<0>;
L_0000010b5a5a8d90 .functor OR 1, L_0000010b5a5a83f0, L_0000010b5a5408a0, C4<0>, C4<0>;
L_0000010b5a5a8a10 .functor OR 1, L_0000010b5a5a8d90, L_0000010b5a5409e0, C4<0>, C4<0>;
L_0000010b5a5a88c0 .functor OR 1, L_0000010b5a5a8a10, L_0000010b5a540b20, C4<0>, C4<0>;
L_0000010b5a5a8e00 .functor OR 1, L_0000010b5a5a88c0, L_0000010b5a540da0, C4<0>, C4<0>;
L_0000010b5a5a8150/0/0 .functor AND 1, L_0000010b5a5a8930, L_0000010b5a5412a0, L_0000010b5a5413e0, L_0000010b5a542740;
L_0000010b5a5a8150/0/4 .functor AND 1, L_0000010b5a5435a0, C4<1>, C4<1>, C4<1>;
L_0000010b5a5a8150 .functor AND 1, L_0000010b5a5a8150/0/0, L_0000010b5a5a8150/0/4, C4<1>, C4<1>;
L_0000010b5a5a8930 .functor NOT 1, L_0000010b5a541200, C4<0>, C4<0>, C4<0>;
L_0000010b5a5a8ee0/0/0 .functor AND 1, L_0000010b5a542ce0, L_0000010b5a542100, L_0000010b5a5a8af0, L_0000010b5a542ec0;
L_0000010b5a5a8ee0/0/4 .functor AND 1, L_0000010b5a5431e0, C4<1>, C4<1>, C4<1>;
L_0000010b5a5a8ee0 .functor AND 1, L_0000010b5a5a8ee0/0/0, L_0000010b5a5a8ee0/0/4, C4<1>, C4<1>;
L_0000010b5a5a8af0 .functor NOT 1, L_0000010b5a5433c0, C4<0>, C4<0>, C4<0>;
L_0000010b5a5a8380/0/0 .functor AND 1, L_0000010b5a5a84d0, L_0000010b5a542e20, L_0000010b5a542f60, L_0000010b5a5a8230;
L_0000010b5a5a8380/0/4 .functor AND 1, L_0000010b5a5a8f50, C4<1>, C4<1>, C4<1>;
L_0000010b5a5a8380 .functor AND 1, L_0000010b5a5a8380/0/0, L_0000010b5a5a8380/0/4, C4<1>, C4<1>;
L_0000010b5a5a84d0 .functor NOT 1, L_0000010b5a542d80, C4<0>, C4<0>, C4<0>;
L_0000010b5a5a8230 .functor NOT 1, L_0000010b5a5436e0, C4<0>, C4<0>, C4<0>;
L_0000010b5a5a8f50 .functor NOT 1, L_0000010b5a543640, C4<0>, C4<0>, C4<0>;
L_0000010b5a5a8b60/0/0 .functor AND 1, L_0000010b5a5a87e0, L_0000010b5a543460, L_0000010b5a5430a0, L_0000010b5a5a8620;
L_0000010b5a5a8b60/0/4 .functor AND 1, L_0000010b5a542920, C4<1>, C4<1>, C4<1>;
L_0000010b5a5a8b60 .functor AND 1, L_0000010b5a5a8b60/0/0, L_0000010b5a5a8b60/0/4, C4<1>, C4<1>;
L_0000010b5a5a87e0 .functor NOT 1, L_0000010b5a5421a0, C4<0>, C4<0>, C4<0>;
L_0000010b5a5a8620 .functor NOT 1, L_0000010b5a543500, C4<0>, C4<0>, C4<0>;
L_0000010b5a5a8bd0/0/0 .functor AND 1, L_0000010b5a543280, L_0000010b5a5429c0, L_0000010b5a543320, L_0000010b5a5a8540;
L_0000010b5a5a8bd0/0/4 .functor AND 1, L_0000010b5a5a8fc0, C4<1>, C4<1>, C4<1>;
L_0000010b5a5a8bd0 .functor AND 1, L_0000010b5a5a8bd0/0/0, L_0000010b5a5a8bd0/0/4, C4<1>, C4<1>;
L_0000010b5a5a8540 .functor NOT 1, L_0000010b5a543780, C4<0>, C4<0>, C4<0>;
L_0000010b5a5a8fc0 .functor NOT 1, L_0000010b5a542240, C4<0>, C4<0>, C4<0>;
L_0000010b5a5a8460/0/0 .functor AND 1, L_0000010b5a542420, L_0000010b5a543000, L_0000010b5a5422e0, L_0000010b5a5a81c0;
L_0000010b5a5a8460/0/4 .functor AND 1, L_0000010b5a5424c0, C4<1>, C4<1>, C4<1>;
L_0000010b5a5a8460 .functor AND 1, L_0000010b5a5a8460/0/0, L_0000010b5a5a8460/0/4, C4<1>, C4<1>;
L_0000010b5a5a81c0 .functor NOT 1, L_0000010b5a542380, C4<0>, C4<0>, C4<0>;
L_0000010b5a5a85b0/0/0 .functor AND 1, L_0000010b5a5a8690, L_0000010b5a542600, L_0000010b5a5426a0, L_0000010b5a542c40;
L_0000010b5a5a85b0/0/4 .functor AND 1, L_0000010b5a5a8700, C4<1>, C4<1>, C4<1>;
L_0000010b5a5a85b0 .functor AND 1, L_0000010b5a5a85b0/0/0, L_0000010b5a5a85b0/0/4, C4<1>, C4<1>;
L_0000010b5a5a8690 .functor NOT 1, L_0000010b5a542560, C4<0>, C4<0>, C4<0>;
L_0000010b5a5a8700 .functor NOT 1, L_0000010b5a5427e0, C4<0>, C4<0>, C4<0>;
L_0000010b5a5a89a0/0/0 .functor AND 1, L_0000010b5a5a8770, L_0000010b5a547030, L_0000010b5a542880, L_0000010b5a542b00;
L_0000010b5a5a89a0/0/4 .functor AND 1, L_0000010b5a546b60, C4<1>, C4<1>, C4<1>;
L_0000010b5a5a89a0 .functor AND 1, L_0000010b5a5a89a0/0/0, L_0000010b5a5a89a0/0/4, C4<1>, C4<1>;
L_0000010b5a5a8770 .functor NOT 1, L_0000010b5a543140, C4<0>, C4<0>, C4<0>;
L_0000010b5a547030 .functor NOT 1, L_0000010b5a542a60, C4<0>, C4<0>, C4<0>;
L_0000010b5a546b60 .functor NOT 1, L_0000010b5a542ba0, C4<0>, C4<0>, C4<0>;
L_0000010b5a546cb0/0/0 .functor AND 1, L_0000010b5a546f50, L_0000010b5a546d90, L_0000010b5a5482b0, L_0000010b5a5471f0;
L_0000010b5a546cb0/0/4 .functor AND 1, L_0000010b5a547260, C4<1>, C4<1>, C4<1>;
L_0000010b5a546cb0 .functor AND 1, L_0000010b5a546cb0/0/0, L_0000010b5a546cb0/0/4, C4<1>, C4<1>;
L_0000010b5a546f50 .functor NOT 1, L_0000010b5a549b10, C4<0>, C4<0>, C4<0>;
L_0000010b5a546d90 .functor NOT 1, L_0000010b5a547950, C4<0>, C4<0>, C4<0>;
L_0000010b5a5471f0 .functor NOT 1, L_0000010b5a549930, C4<0>, C4<0>, C4<0>;
L_0000010b5a547260 .functor NOT 1, L_0000010b5a547b30, C4<0>, C4<0>, C4<0>;
L_0000010b5a5475e0/0/0 .functor AND 1, L_0000010b5a5485d0, L_0000010b5a548f30, L_0000010b5a5499d0, L_0000010b5a547e50;
L_0000010b5a5475e0/0/4 .functor AND 1, L_0000010b5a546fc0, C4<1>, C4<1>, C4<1>;
L_0000010b5a5475e0 .functor AND 1, L_0000010b5a5475e0/0/0, L_0000010b5a5475e0/0/4, C4<1>, C4<1>;
L_0000010b5a546fc0 .functor NOT 1, L_0000010b5a548350, C4<0>, C4<0>, C4<0>;
L_0000010b5a547110 .functor AND 1, L_0000010b5a546e00, L_0000010b5a5483f0, L_0000010b5a549610, L_0000010b5a547810;
L_0000010b5a546e00 .functor NOT 1, L_0000010b5a548490, C4<0>, C4<0>, C4<0>;
L_0000010b5a547810 .functor NOT 1, L_0000010b5a5496b0, C4<0>, C4<0>, C4<0>;
L_0000010b5a5469a0 .functor AND 1, L_0000010b5a5470a0, L_0000010b5a547d10, L_0000010b5a547ef0, L_0000010b5a548850;
L_0000010b5a5470a0 .functor NOT 1, L_0000010b5a549750, C4<0>, C4<0>, C4<0>;
L_0000010b5a546d20 .functor OR 1, L_0000010b5a549ed0, L_0000010b5a549cf0, C4<0>, C4<0>;
L_0000010b5a546930 .functor OR 1, L_0000010b5a546d20, L_0000010b5a549bb0, C4<0>, C4<0>;
L_0000010b5a546e70 .functor OR 1, L_0000010b5a546930, L_0000010b5a549c50, C4<0>, C4<0>;
L_0000010b5a547340 .functor OR 1, L_0000010b5a546e70, L_0000010b5a549a70, C4<0>, C4<0>;
L_0000010b5a547490 .functor OR 1, L_0000010b5a547340, L_0000010b5a5479f0, C4<0>, C4<0>;
L_0000010b5a547570 .functor OR 1, L_0000010b5a547490, L_0000010b5a548530, C4<0>, C4<0>;
L_0000010b5a547500 .functor OR 1, L_0000010b5a547570, L_0000010b5a549d90, C4<0>, C4<0>;
o0000010b5a4de438 .functor BUFZ 16, C4<zzzzzzzzzzzzzzzz>; HiZ drive
v0000010b5a4d2530_0 .net "In", 15 0, o0000010b5a4de438;  0 drivers
v0000010b5a4d3750_0 .net "Output", 19 0, L_0000010b5a5492f0;  1 drivers
v0000010b5a4d2990_0 .net *"_ivl_1", 0 0, L_0000010b5a4d99a0;  1 drivers
v0000010b5a4d37f0_0 .net *"_ivl_100", 0 0, L_0000010b5a540ee0;  1 drivers
v0000010b5a4d25d0_0 .net *"_ivl_103", 0 0, L_0000010b5a5a82a0;  1 drivers
v0000010b5a4d1c70_0 .net *"_ivl_105", 4 0, L_0000010b5a5404e0;  1 drivers
L_0000010b5a5601a8 .functor BUFT 1, C4<00001>, C4<0>, C4<0>, C4<0>;
v0000010b5a4d2670_0 .net/2u *"_ivl_106", 4 0, L_0000010b5a5601a8;  1 drivers
v0000010b5a4d1db0_0 .net *"_ivl_108", 0 0, L_0000010b5a541ca0;  1 drivers
v0000010b5a4d1ef0_0 .net *"_ivl_111", 0 0, L_0000010b5a5a80e0;  1 drivers
L_0000010b5a5601f0 .functor BUFT 1, C4<01>, C4<0>, C4<0>, C4<0>;
v0000010b5a4d2ad0_0 .net/2s *"_ivl_112", 1 0, L_0000010b5a5601f0;  1 drivers
L_0000010b5a560238 .functor BUFT 1, C4<00>, C4<0>, C4<0>, C4<0>;
v0000010b5a4d2850_0 .net/2s *"_ivl_114", 1 0, L_0000010b5a560238;  1 drivers
v0000010b5a4d2030_0 .net *"_ivl_116", 1 0, L_0000010b5a53ff40;  1 drivers
v0000010b5a4d20d0_0 .net *"_ivl_119", 0 0, L_0000010b5a53fc20;  1 drivers
v0000010b5a4d28f0_0 .net *"_ivl_12", 0 0, L_0000010b5a541ac0;  1 drivers
v0000010b5a4bd540_0 .net *"_ivl_121", 0 0, L_0000010b5a5a8850;  1 drivers
v0000010b5a4bdc20_0 .net *"_ivl_124", 0 0, L_0000010b5a541e80;  1 drivers
v0000010b5a4bdcc0_0 .net *"_ivl_125", 0 0, L_0000010b5a5a8e70;  1 drivers
v0000010b5a4bdf40_0 .net *"_ivl_128", 0 0, L_0000010b5a542060;  1 drivers
v0000010b5a4be120_0 .net *"_ivl_129", 0 0, L_0000010b5a5a8a80;  1 drivers
v0000010b5a4be3a0_0 .net *"_ivl_132", 0 0, L_0000010b5a541160;  1 drivers
v0000010b5a4c6750_0 .net *"_ivl_134", 0 0, L_0000010b5a5417a0;  1 drivers
v0000010b5a4c7ab0_0 .net *"_ivl_136", 0 0, L_0000010b5a541f20;  1 drivers
v0000010b5a4c6ed0_0 .net *"_ivl_14", 0 0, L_0000010b5a540bc0;  1 drivers
v0000010b5a4c5e90_0 .net *"_ivl_140", 4 0, L_0000010b5a540f80;  1 drivers
L_0000010b5a560280 .functor BUFT 1, C4<00001>, C4<0>, C4<0>, C4<0>;
v0000010b5a4c5f30_0 .net/2u *"_ivl_141", 4 0, L_0000010b5a560280;  1 drivers
v0000010b5a4957f0_0 .net *"_ivl_143", 0 0, L_0000010b5a541fc0;  1 drivers
v0000010b5a494df0_0 .net *"_ivl_146", 4 0, L_0000010b5a53fa40;  1 drivers
L_0000010b5a5602c8 .functor BUFT 1, C4<11111>, C4<0>, C4<0>, C4<0>;
v0000010b5a494f30_0 .net/2u *"_ivl_147", 4 0, L_0000010b5a5602c8;  1 drivers
v0000010b5a49bd30_0 .net *"_ivl_149", 0 0, L_0000010b5a53fae0;  1 drivers
v0000010b5a49bdd0_0 .net *"_ivl_15", 0 0, L_0000010b5a4d9ee0;  1 drivers
v0000010b5a537020_0 .net *"_ivl_152", 0 0, L_0000010b5a5a8c40;  1 drivers
v0000010b5a536760_0 .net *"_ivl_154", 4 0, L_0000010b5a540620;  1 drivers
L_0000010b5a560310 .functor BUFT 1, C4<11101>, C4<0>, C4<0>, C4<0>;
v0000010b5a537ac0_0 .net/2u *"_ivl_155", 4 0, L_0000010b5a560310;  1 drivers
v0000010b5a537200_0 .net *"_ivl_157", 0 0, L_0000010b5a540800;  1 drivers
v0000010b5a537d40_0 .net *"_ivl_160", 0 0, L_0000010b5a5a8310;  1 drivers
v0000010b5a536120_0 .net *"_ivl_162", 4 0, L_0000010b5a53fcc0;  1 drivers
L_0000010b5a560358 .functor BUFT 1, C4<00011>, C4<0>, C4<0>, C4<0>;
v0000010b5a537340_0 .net/2u *"_ivl_163", 4 0, L_0000010b5a560358;  1 drivers
v0000010b5a5363a0_0 .net *"_ivl_165", 0 0, L_0000010b5a540c60;  1 drivers
v0000010b5a5377a0_0 .net *"_ivl_168", 0 0, L_0000010b5a5a8d20;  1 drivers
v0000010b5a537de0_0 .net *"_ivl_170", 4 0, L_0000010b5a53fe00;  1 drivers
L_0000010b5a5603a0 .functor BUFT 1, C4<11100>, C4<0>, C4<0>, C4<0>;
v0000010b5a5373e0_0 .net/2u *"_ivl_171", 4 0, L_0000010b5a5603a0;  1 drivers
v0000010b5a536c60_0 .net *"_ivl_173", 0 0, L_0000010b5a540120;  1 drivers
v0000010b5a536080_0 .net *"_ivl_176", 0 0, L_0000010b5a5a83f0;  1 drivers
v0000010b5a536e40_0 .net *"_ivl_178", 4 0, L_0000010b5a5401c0;  1 drivers
L_0000010b5a5603e8 .functor BUFT 1, C4<00111>, C4<0>, C4<0>, C4<0>;
v0000010b5a537160_0 .net/2u *"_ivl_179", 4 0, L_0000010b5a5603e8;  1 drivers
v0000010b5a5375c0_0 .net *"_ivl_18", 0 0, L_0000010b5a541d40;  1 drivers
v0000010b5a536ee0_0 .net *"_ivl_181", 0 0, L_0000010b5a5408a0;  1 drivers
v0000010b5a536300_0 .net *"_ivl_184", 0 0, L_0000010b5a5a8d90;  1 drivers
v0000010b5a536bc0_0 .net *"_ivl_186", 4 0, L_0000010b5a540940;  1 drivers
L_0000010b5a560430 .functor BUFT 1, C4<10100>, C4<0>, C4<0>, C4<0>;
v0000010b5a537480_0 .net/2u *"_ivl_187", 4 0, L_0000010b5a560430;  1 drivers
v0000010b5a5372a0_0 .net *"_ivl_189", 0 0, L_0000010b5a5409e0;  1 drivers
v0000010b5a537840_0 .net *"_ivl_192", 0 0, L_0000010b5a5a8a10;  1 drivers
v0000010b5a537e80_0 .net *"_ivl_194", 4 0, L_0000010b5a540a80;  1 drivers
L_0000010b5a560478 .functor BUFT 1, C4<10101>, C4<0>, C4<0>, C4<0>;
v0000010b5a536d00_0 .net/2u *"_ivl_195", 4 0, L_0000010b5a560478;  1 drivers
v0000010b5a5378e0_0 .net *"_ivl_197", 0 0, L_0000010b5a540b20;  1 drivers
v0000010b5a536f80_0 .net *"_ivl_20", 0 0, L_0000010b5a4d9930;  1 drivers
v0000010b5a537980_0 .net *"_ivl_200", 0 0, L_0000010b5a5a88c0;  1 drivers
v0000010b5a537a20_0 .net *"_ivl_202", 4 0, L_0000010b5a540d00;  1 drivers
L_0000010b5a5604c0 .functor BUFT 1, C4<01110>, C4<0>, C4<0>, C4<0>;
v0000010b5a5361c0_0 .net/2u *"_ivl_203", 4 0, L_0000010b5a5604c0;  1 drivers
v0000010b5a536800_0 .net *"_ivl_205", 0 0, L_0000010b5a540da0;  1 drivers
v0000010b5a537f20_0 .net *"_ivl_208", 0 0, L_0000010b5a5a8e00;  1 drivers
L_0000010b5a560508 .functor BUFT 1, C4<01>, C4<0>, C4<0>, C4<0>;
v0000010b5a5368a0_0 .net/2s *"_ivl_209", 1 0, L_0000010b5a560508;  1 drivers
L_0000010b5a560550 .functor BUFT 1, C4<00>, C4<0>, C4<0>, C4<0>;
v0000010b5a536da0_0 .net/2s *"_ivl_211", 1 0, L_0000010b5a560550;  1 drivers
v0000010b5a537520_0 .net *"_ivl_213", 1 0, L_0000010b5a541020;  1 drivers
v0000010b5a537b60_0 .net *"_ivl_216", 0 0, L_0000010b5a5410c0;  1 drivers
v0000010b5a536260_0 .net *"_ivl_218", 0 0, L_0000010b5a5a8150;  1 drivers
v0000010b5a537660_0 .net *"_ivl_221", 0 0, L_0000010b5a541200;  1 drivers
v0000010b5a537c00_0 .net *"_ivl_222", 0 0, L_0000010b5a5a8930;  1 drivers
v0000010b5a537ca0_0 .net *"_ivl_225", 0 0, L_0000010b5a5412a0;  1 drivers
v0000010b5a536440_0 .net *"_ivl_227", 0 0, L_0000010b5a5413e0;  1 drivers
v0000010b5a537700_0 .net *"_ivl_229", 0 0, L_0000010b5a542740;  1 drivers
v0000010b5a5364e0_0 .net *"_ivl_23", 0 0, L_0000010b5a5418e0;  1 drivers
v0000010b5a536580_0 .net *"_ivl_231", 0 0, L_0000010b5a5435a0;  1 drivers
v0000010b5a5370c0_0 .net *"_ivl_233", 0 0, L_0000010b5a5a8ee0;  1 drivers
v0000010b5a536620_0 .net *"_ivl_236", 0 0, L_0000010b5a542ce0;  1 drivers
v0000010b5a5366c0_0 .net *"_ivl_238", 0 0, L_0000010b5a542100;  1 drivers
v0000010b5a536940_0 .net *"_ivl_240", 0 0, L_0000010b5a5433c0;  1 drivers
v0000010b5a5369e0_0 .net *"_ivl_241", 0 0, L_0000010b5a5a8af0;  1 drivers
v0000010b5a536a80_0 .net *"_ivl_244", 0 0, L_0000010b5a542ec0;  1 drivers
v0000010b5a536b20_0 .net *"_ivl_246", 0 0, L_0000010b5a5431e0;  1 drivers
v0000010b5a538540_0 .net *"_ivl_248", 0 0, L_0000010b5a5a8380;  1 drivers
v0000010b5a53a2a0_0 .net *"_ivl_25", 0 0, L_0000010b5a5406c0;  1 drivers
v0000010b5a538ea0_0 .net *"_ivl_251", 0 0, L_0000010b5a542d80;  1 drivers
v0000010b5a53a0c0_0 .net *"_ivl_252", 0 0, L_0000010b5a5a84d0;  1 drivers
v0000010b5a539080_0 .net *"_ivl_255", 0 0, L_0000010b5a542e20;  1 drivers
v0000010b5a53a340_0 .net *"_ivl_257", 0 0, L_0000010b5a542f60;  1 drivers
v0000010b5a5384a0_0 .net *"_ivl_259", 0 0, L_0000010b5a5436e0;  1 drivers
v0000010b5a5389a0_0 .net *"_ivl_260", 0 0, L_0000010b5a5a8230;  1 drivers
v0000010b5a539bc0_0 .net *"_ivl_263", 0 0, L_0000010b5a543640;  1 drivers
v0000010b5a538d60_0 .net *"_ivl_264", 0 0, L_0000010b5a5a8f50;  1 drivers
v0000010b5a539760_0 .net *"_ivl_267", 0 0, L_0000010b5a5a8b60;  1 drivers
v0000010b5a539940_0 .net *"_ivl_27", 0 0, L_0000010b5a541840;  1 drivers
v0000010b5a538b80_0 .net *"_ivl_270", 0 0, L_0000010b5a5421a0;  1 drivers
v0000010b5a53a160_0 .net *"_ivl_271", 0 0, L_0000010b5a5a87e0;  1 drivers
v0000010b5a539620_0 .net *"_ivl_274", 0 0, L_0000010b5a543460;  1 drivers
v0000010b5a538720_0 .net *"_ivl_276", 0 0, L_0000010b5a5430a0;  1 drivers
v0000010b5a539c60_0 .net *"_ivl_278", 0 0, L_0000010b5a543500;  1 drivers
v0000010b5a5385e0_0 .net *"_ivl_279", 0 0, L_0000010b5a5a8620;  1 drivers
v0000010b5a539300_0 .net *"_ivl_28", 0 0, L_0000010b5a4d9e00;  1 drivers
v0000010b5a5399e0_0 .net *"_ivl_282", 0 0, L_0000010b5a542920;  1 drivers
v0000010b5a539800_0 .net *"_ivl_284", 0 0, L_0000010b5a5a8bd0;  1 drivers
v0000010b5a539f80_0 .net *"_ivl_287", 0 0, L_0000010b5a543280;  1 drivers
v0000010b5a539a80_0 .net *"_ivl_289", 0 0, L_0000010b5a5429c0;  1 drivers
v0000010b5a539d00_0 .net *"_ivl_291", 0 0, L_0000010b5a543320;  1 drivers
v0000010b5a5394e0_0 .net *"_ivl_293", 0 0, L_0000010b5a543780;  1 drivers
v0000010b5a539da0_0 .net *"_ivl_294", 0 0, L_0000010b5a5a8540;  1 drivers
v0000010b5a538680_0 .net *"_ivl_297", 0 0, L_0000010b5a542240;  1 drivers
v0000010b5a5398a0_0 .net *"_ivl_298", 0 0, L_0000010b5a5a8fc0;  1 drivers
v0000010b5a539ee0_0 .net *"_ivl_301", 0 0, L_0000010b5a5a8460;  1 drivers
v0000010b5a538e00_0 .net *"_ivl_304", 0 0, L_0000010b5a542420;  1 drivers
v0000010b5a538a40_0 .net *"_ivl_306", 0 0, L_0000010b5a543000;  1 drivers
v0000010b5a538f40_0 .net *"_ivl_308", 0 0, L_0000010b5a5422e0;  1 drivers
v0000010b5a539e40_0 .net *"_ivl_31", 0 0, L_0000010b5a541520;  1 drivers
v0000010b5a53a200_0 .net *"_ivl_310", 0 0, L_0000010b5a542380;  1 drivers
v0000010b5a538ae0_0 .net *"_ivl_311", 0 0, L_0000010b5a5a81c0;  1 drivers
v0000010b5a5387c0_0 .net *"_ivl_314", 0 0, L_0000010b5a5424c0;  1 drivers
v0000010b5a539b20_0 .net *"_ivl_316", 0 0, L_0000010b5a5a85b0;  1 drivers
v0000010b5a538cc0_0 .net *"_ivl_319", 0 0, L_0000010b5a542560;  1 drivers
v0000010b5a538860_0 .net *"_ivl_320", 0 0, L_0000010b5a5a8690;  1 drivers
v0000010b5a538900_0 .net *"_ivl_323", 0 0, L_0000010b5a542600;  1 drivers
v0000010b5a538c20_0 .net *"_ivl_325", 0 0, L_0000010b5a5426a0;  1 drivers
v0000010b5a539440_0 .net *"_ivl_327", 0 0, L_0000010b5a542c40;  1 drivers
v0000010b5a53a020_0 .net *"_ivl_329", 0 0, L_0000010b5a5427e0;  1 drivers
v0000010b5a5396c0_0 .net *"_ivl_33", 0 0, L_0000010b5a53fea0;  1 drivers
v0000010b5a539580_0 .net *"_ivl_330", 0 0, L_0000010b5a5a8700;  1 drivers
v0000010b5a538fe0_0 .net *"_ivl_333", 0 0, L_0000010b5a5a89a0;  1 drivers
v0000010b5a539120_0 .net *"_ivl_336", 0 0, L_0000010b5a543140;  1 drivers
v0000010b5a5391c0_0 .net *"_ivl_337", 0 0, L_0000010b5a5a8770;  1 drivers
v0000010b5a539260_0 .net *"_ivl_34", 0 0, L_0000010b5a4d9f50;  1 drivers
v0000010b5a5393a0_0 .net *"_ivl_340", 0 0, L_0000010b5a542a60;  1 drivers
v0000010b5a53c870_0 .net *"_ivl_341", 0 0, L_0000010b5a547030;  1 drivers
v0000010b5a53c370_0 .net *"_ivl_344", 0 0, L_0000010b5a542880;  1 drivers
v0000010b5a53c7d0_0 .net *"_ivl_346", 0 0, L_0000010b5a542b00;  1 drivers
v0000010b5a53cff0_0 .net *"_ivl_348", 0 0, L_0000010b5a542ba0;  1 drivers
v0000010b5a53d090_0 .net *"_ivl_349", 0 0, L_0000010b5a546b60;  1 drivers
v0000010b5a53c910_0 .net *"_ivl_352", 0 0, L_0000010b5a546cb0;  1 drivers
v0000010b5a53c5f0_0 .net *"_ivl_355", 0 0, L_0000010b5a549b10;  1 drivers
v0000010b5a53c9b0_0 .net *"_ivl_356", 0 0, L_0000010b5a546f50;  1 drivers
v0000010b5a53d450_0 .net *"_ivl_359", 0 0, L_0000010b5a547950;  1 drivers
v0000010b5a53d630_0 .net *"_ivl_360", 0 0, L_0000010b5a546d90;  1 drivers
v0000010b5a53ce10_0 .net *"_ivl_363", 0 0, L_0000010b5a5482b0;  1 drivers
v0000010b5a53bc90_0 .net *"_ivl_365", 0 0, L_0000010b5a549930;  1 drivers
v0000010b5a53d130_0 .net *"_ivl_366", 0 0, L_0000010b5a5471f0;  1 drivers
v0000010b5a53c190_0 .net *"_ivl_369", 0 0, L_0000010b5a547b30;  1 drivers
v0000010b5a53d1d0_0 .net *"_ivl_37", 0 0, L_0000010b5a4d9cb0;  1 drivers
v0000010b5a53c410_0 .net *"_ivl_370", 0 0, L_0000010b5a547260;  1 drivers
v0000010b5a53d270_0 .net *"_ivl_373", 0 0, L_0000010b5a5475e0;  1 drivers
v0000010b5a53d3b0_0 .net *"_ivl_376", 0 0, L_0000010b5a5485d0;  1 drivers
v0000010b5a53caf0_0 .net *"_ivl_378", 0 0, L_0000010b5a548f30;  1 drivers
v0000010b5a53ceb0_0 .net *"_ivl_380", 0 0, L_0000010b5a5499d0;  1 drivers
v0000010b5a53bd30_0 .net *"_ivl_382", 0 0, L_0000010b5a547e50;  1 drivers
v0000010b5a53d590_0 .net *"_ivl_384", 0 0, L_0000010b5a548350;  1 drivers
v0000010b5a53d6d0_0 .net *"_ivl_385", 0 0, L_0000010b5a546fc0;  1 drivers
v0000010b5a53bfb0_0 .net *"_ivl_388", 0 0, L_0000010b5a547110;  1 drivers
v0000010b5a53d310_0 .net *"_ivl_391", 0 0, L_0000010b5a548490;  1 drivers
v0000010b5a53ca50_0 .net *"_ivl_392", 0 0, L_0000010b5a546e00;  1 drivers
v0000010b5a53cb90_0 .net *"_ivl_395", 0 0, L_0000010b5a5483f0;  1 drivers
v0000010b5a53cc30_0 .net *"_ivl_397", 0 0, L_0000010b5a549610;  1 drivers
v0000010b5a53c690_0 .net *"_ivl_399", 0 0, L_0000010b5a5496b0;  1 drivers
v0000010b5a53d4f0_0 .net *"_ivl_4", 0 0, L_0000010b5a541980;  1 drivers
v0000010b5a53c730_0 .net *"_ivl_40", 0 0, L_0000010b5a540080;  1 drivers
v0000010b5a53d770_0 .net *"_ivl_400", 0 0, L_0000010b5a547810;  1 drivers
v0000010b5a53c4b0_0 .net *"_ivl_403", 0 0, L_0000010b5a5469a0;  1 drivers
v0000010b5a53c550_0 .net *"_ivl_406", 0 0, L_0000010b5a549750;  1 drivers
v0000010b5a53ccd0_0 .net *"_ivl_407", 0 0, L_0000010b5a5470a0;  1 drivers
v0000010b5a53cd70_0 .net *"_ivl_410", 0 0, L_0000010b5a547d10;  1 drivers
v0000010b5a53cf50_0 .net *"_ivl_412", 0 0, L_0000010b5a547ef0;  1 drivers
v0000010b5a53b8d0_0 .net *"_ivl_414", 0 0, L_0000010b5a548850;  1 drivers
v0000010b5a53c0f0_0 .net *"_ivl_419", 1 0, L_0000010b5a547f90;  1 drivers
v0000010b5a53b970_0 .net *"_ivl_42", 0 0, L_0000010b5a541b60;  1 drivers
L_0000010b5a560598 .functor BUFT 1, C4<10>, C4<0>, C4<0>, C4<0>;
v0000010b5a53ba10_0 .net/2u *"_ivl_420", 1 0, L_0000010b5a560598;  1 drivers
v0000010b5a53bab0_0 .net *"_ivl_422", 0 0, L_0000010b5a549ed0;  1 drivers
v0000010b5a53bb50_0 .net *"_ivl_425", 4 0, L_0000010b5a548d50;  1 drivers
L_0000010b5a5605e0 .functor BUFT 1, C4<01101>, C4<0>, C4<0>, C4<0>;
v0000010b5a53bbf0_0 .net/2u *"_ivl_426", 4 0, L_0000010b5a5605e0;  1 drivers
v0000010b5a53bdd0_0 .net *"_ivl_428", 0 0, L_0000010b5a549cf0;  1 drivers
v0000010b5a53be70_0 .net *"_ivl_431", 0 0, L_0000010b5a546d20;  1 drivers
v0000010b5a53bf10_0 .net *"_ivl_433", 4 0, L_0000010b5a547a90;  1 drivers
L_0000010b5a560628 .functor BUFT 1, C4<01111>, C4<0>, C4<0>, C4<0>;
v0000010b5a53c050_0 .net/2u *"_ivl_434", 4 0, L_0000010b5a560628;  1 drivers
v0000010b5a53c230_0 .net *"_ivl_436", 0 0, L_0000010b5a549bb0;  1 drivers
v0000010b5a53c2d0_0 .net *"_ivl_439", 0 0, L_0000010b5a546930;  1 drivers
v0000010b5a53f640_0 .net *"_ivl_44", 0 0, L_0000010b5a540260;  1 drivers
v0000010b5a53e4c0_0 .net *"_ivl_441", 4 0, L_0000010b5a549890;  1 drivers
L_0000010b5a560670 .functor BUFT 1, C4<00101>, C4<0>, C4<0>, C4<0>;
v0000010b5a53d980_0 .net/2u *"_ivl_442", 4 0, L_0000010b5a560670;  1 drivers
v0000010b5a53f000_0 .net *"_ivl_444", 0 0, L_0000010b5a549c50;  1 drivers
v0000010b5a53e880_0 .net *"_ivl_447", 0 0, L_0000010b5a546e70;  1 drivers
v0000010b5a53e600_0 .net *"_ivl_449", 4 0, L_0000010b5a548ad0;  1 drivers
v0000010b5a53eba0_0 .net *"_ivl_45", 0 0, L_0000010b5a4d9d20;  1 drivers
L_0000010b5a5606b8 .functor BUFT 1, C4<00111>, C4<0>, C4<0>, C4<0>;
v0000010b5a53e060_0 .net/2u *"_ivl_450", 4 0, L_0000010b5a5606b8;  1 drivers
v0000010b5a53e2e0_0 .net *"_ivl_452", 0 0, L_0000010b5a549a70;  1 drivers
v0000010b5a53d8e0_0 .net *"_ivl_455", 0 0, L_0000010b5a547340;  1 drivers
v0000010b5a53da20_0 .net *"_ivl_457", 4 0, L_0000010b5a548030;  1 drivers
L_0000010b5a560700 .functor BUFT 1, C4<00010>, C4<0>, C4<0>, C4<0>;
v0000010b5a53e920_0 .net/2u *"_ivl_458", 4 0, L_0000010b5a560700;  1 drivers
v0000010b5a53f140_0 .net *"_ivl_460", 0 0, L_0000010b5a5479f0;  1 drivers
v0000010b5a53f3c0_0 .net *"_ivl_463", 0 0, L_0000010b5a547490;  1 drivers
v0000010b5a53e240_0 .net *"_ivl_465", 4 0, L_0000010b5a5497f0;  1 drivers
L_0000010b5a560748 .functor BUFT 1, C4<00000>, C4<0>, C4<0>, C4<0>;
v0000010b5a53ec40_0 .net/2u *"_ivl_466", 4 0, L_0000010b5a560748;  1 drivers
v0000010b5a53ee20_0 .net *"_ivl_468", 0 0, L_0000010b5a548530;  1 drivers
v0000010b5a53e1a0_0 .net *"_ivl_471", 0 0, L_0000010b5a547570;  1 drivers
v0000010b5a53dfc0_0 .net *"_ivl_473", 4 0, L_0000010b5a5480d0;  1 drivers
L_0000010b5a560790 .functor BUFT 1, C4<01110>, C4<0>, C4<0>, C4<0>;
v0000010b5a53e7e0_0 .net/2u *"_ivl_474", 4 0, L_0000010b5a560790;  1 drivers
v0000010b5a53f0a0_0 .net *"_ivl_476", 0 0, L_0000010b5a549d90;  1 drivers
v0000010b5a53dc00_0 .net *"_ivl_479", 0 0, L_0000010b5a547500;  1 drivers
v0000010b5a53e9c0_0 .net *"_ivl_48", 0 0, L_0000010b5a53fd60;  1 drivers
L_0000010b5a5607d8 .functor BUFT 1, C4<01>, C4<0>, C4<0>, C4<0>;
v0000010b5a53f1e0_0 .net/2s *"_ivl_480", 1 0, L_0000010b5a5607d8;  1 drivers
L_0000010b5a560820 .functor BUFT 1, C4<00>, C4<0>, C4<0>, C4<0>;
v0000010b5a53f6e0_0 .net/2s *"_ivl_482", 1 0, L_0000010b5a560820;  1 drivers
v0000010b5a53ea60_0 .net *"_ivl_484", 1 0, L_0000010b5a549e30;  1 drivers
v0000010b5a53eec0_0 .net *"_ivl_487", 0 0, L_0000010b5a548a30;  1 drivers
v0000010b5a53ef60_0 .net *"_ivl_49", 0 0, L_0000010b5a4d98c0;  1 drivers
v0000010b5a53f280_0 .net *"_ivl_5", 0 0, L_0000010b5a4d9b60;  1 drivers
v0000010b5a53eb00_0 .net *"_ivl_52", 0 0, L_0000010b5a541de0;  1 drivers
v0000010b5a53ece0_0 .net *"_ivl_54", 0 0, L_0000010b5a4d9bd0;  1 drivers
v0000010b5a53ed80_0 .net *"_ivl_57", 0 0, L_0000010b5a53f9a0;  1 drivers
v0000010b5a53e100_0 .net *"_ivl_59", 0 0, L_0000010b5a5415c0;  1 drivers
v0000010b5a53e560_0 .net *"_ivl_61", 0 0, L_0000010b5a541660;  1 drivers
v0000010b5a53f320_0 .net *"_ivl_62", 0 0, L_0000010b5a4d9e70;  1 drivers
v0000010b5a53f460_0 .net *"_ivl_65", 0 0, L_0000010b5a541c00;  1 drivers
v0000010b5a53e6a0_0 .net *"_ivl_66", 0 0, L_0000010b5a4d9a80;  1 drivers
v0000010b5a53f500_0 .net *"_ivl_69", 0 0, L_0000010b5a540440;  1 drivers
v0000010b5a53f5a0_0 .net *"_ivl_70", 0 0, L_0000010b5a4d9a10;  1 drivers
v0000010b5a53e380_0 .net *"_ivl_75", 1 0, L_0000010b5a53fb80;  1 drivers
L_0000010b5a560088 .functor BUFT 1, C4<10>, C4<0>, C4<0>, C4<0>;
v0000010b5a53dde0_0 .net/2u *"_ivl_76", 1 0, L_0000010b5a560088;  1 drivers
v0000010b5a53f780_0 .net *"_ivl_78", 0 0, L_0000010b5a540e40;  1 drivers
v0000010b5a53dac0_0 .net *"_ivl_8", 0 0, L_0000010b5a540300;  1 drivers
v0000010b5a53db60_0 .net *"_ivl_81", 4 0, L_0000010b5a541a20;  1 drivers
L_0000010b5a5600d0 .functor BUFT 1, C4<00000>, C4<0>, C4<0>, C4<0>;
v0000010b5a53e420_0 .net/2u *"_ivl_82", 4 0, L_0000010b5a5600d0;  1 drivers
v0000010b5a53dca0_0 .net *"_ivl_84", 0 0, L_0000010b5a540760;  1 drivers
v0000010b5a53dd40_0 .net *"_ivl_87", 0 0, L_0000010b5a4d9850;  1 drivers
v0000010b5a53de80_0 .net *"_ivl_89", 4 0, L_0000010b5a541700;  1 drivers
v0000010b5a53df20_0 .net *"_ivl_9", 0 0, L_0000010b5a4d9d90;  1 drivers
L_0000010b5a560118 .functor BUFT 1, C4<00010>, C4<0>, C4<0>, C4<0>;
v0000010b5a53e740_0 .net/2u *"_ivl_90", 4 0, L_0000010b5a560118;  1 drivers
v0000010b5a5403a0_0 .net *"_ivl_92", 0 0, L_0000010b5a53ffe0;  1 drivers
v0000010b5a53f900_0 .net *"_ivl_95", 0 0, L_0000010b5a5a8cb0;  1 drivers
v0000010b5a540580_0 .net *"_ivl_97", 4 0, L_0000010b5a541340;  1 drivers
L_0000010b5a560160 .functor BUFT 1, C4<00011>, C4<0>, C4<0>, C4<0>;
v0000010b5a541480_0 .net/2u *"_ivl_98", 4 0, L_0000010b5a560160;  1 drivers
L_0000010b5a541980 .part o0000010b5a4de438, 15, 1;
L_0000010b5a540300 .part o0000010b5a4de438, 14, 1;
L_0000010b5a541ac0 .part o0000010b5a4de438, 13, 1;
L_0000010b5a540bc0 .part o0000010b5a4de438, 12, 1;
L_0000010b5a541d40 .part o0000010b5a4de438, 11, 1;
L_0000010b5a5418e0 .part o0000010b5a4de438, 15, 1;
L_0000010b5a5406c0 .part o0000010b5a4de438, 14, 1;
L_0000010b5a541840 .part o0000010b5a4de438, 13, 1;
L_0000010b5a541520 .part o0000010b5a4de438, 12, 1;
L_0000010b5a53fea0 .part o0000010b5a4de438, 11, 1;
L_0000010b5a540080 .part o0000010b5a4de438, 15, 1;
L_0000010b5a541b60 .part o0000010b5a4de438, 14, 1;
L_0000010b5a540260 .part o0000010b5a4de438, 13, 1;
L_0000010b5a53fd60 .part o0000010b5a4de438, 12, 1;
L_0000010b5a541de0 .part o0000010b5a4de438, 11, 1;
L_0000010b5a53f9a0 .part o0000010b5a4de438, 15, 1;
L_0000010b5a5415c0 .part o0000010b5a4de438, 14, 1;
L_0000010b5a541660 .part o0000010b5a4de438, 13, 1;
L_0000010b5a541c00 .part o0000010b5a4de438, 12, 1;
L_0000010b5a540440 .part o0000010b5a4de438, 11, 1;
L_0000010b5a53fb80 .part o0000010b5a4de438, 14, 2;
L_0000010b5a540e40 .cmp/eq 2, L_0000010b5a53fb80, L_0000010b5a560088;
L_0000010b5a541a20 .part o0000010b5a4de438, 11, 5;
L_0000010b5a540760 .cmp/eq 5, L_0000010b5a541a20, L_0000010b5a5600d0;
L_0000010b5a541700 .part o0000010b5a4de438, 11, 5;
L_0000010b5a53ffe0 .cmp/eq 5, L_0000010b5a541700, L_0000010b5a560118;
L_0000010b5a541340 .part o0000010b5a4de438, 11, 5;
L_0000010b5a540ee0 .cmp/eq 5, L_0000010b5a541340, L_0000010b5a560160;
L_0000010b5a5404e0 .part o0000010b5a4de438, 11, 5;
L_0000010b5a541ca0 .cmp/eq 5, L_0000010b5a5404e0, L_0000010b5a5601a8;
L_0000010b5a53ff40 .functor MUXZ 2, L_0000010b5a560238, L_0000010b5a5601f0, L_0000010b5a5a80e0, C4<>;
L_0000010b5a53fc20 .part L_0000010b5a53ff40, 0, 1;
L_0000010b5a541e80 .part o0000010b5a4de438, 15, 1;
L_0000010b5a542060 .part o0000010b5a4de438, 14, 1;
L_0000010b5a541160 .part o0000010b5a4de438, 13, 1;
L_0000010b5a5417a0 .part o0000010b5a4de438, 12, 1;
L_0000010b5a541f20 .part o0000010b5a4de438, 11, 1;
L_0000010b5a540f80 .part o0000010b5a4de438, 11, 5;
L_0000010b5a541fc0 .cmp/eq 5, L_0000010b5a540f80, L_0000010b5a560280;
L_0000010b5a53fa40 .part o0000010b5a4de438, 11, 5;
L_0000010b5a53fae0 .cmp/eq 5, L_0000010b5a53fa40, L_0000010b5a5602c8;
L_0000010b5a540620 .part o0000010b5a4de438, 11, 5;
L_0000010b5a540800 .cmp/eq 5, L_0000010b5a540620, L_0000010b5a560310;
L_0000010b5a53fcc0 .part o0000010b5a4de438, 11, 5;
L_0000010b5a540c60 .cmp/eq 5, L_0000010b5a53fcc0, L_0000010b5a560358;
L_0000010b5a53fe00 .part o0000010b5a4de438, 11, 5;
L_0000010b5a540120 .cmp/eq 5, L_0000010b5a53fe00, L_0000010b5a5603a0;
L_0000010b5a5401c0 .part o0000010b5a4de438, 11, 5;
L_0000010b5a5408a0 .cmp/eq 5, L_0000010b5a5401c0, L_0000010b5a5603e8;
L_0000010b5a540940 .part o0000010b5a4de438, 11, 5;
L_0000010b5a5409e0 .cmp/eq 5, L_0000010b5a540940, L_0000010b5a560430;
L_0000010b5a540a80 .part o0000010b5a4de438, 11, 5;
L_0000010b5a540b20 .cmp/eq 5, L_0000010b5a540a80, L_0000010b5a560478;
L_0000010b5a540d00 .part o0000010b5a4de438, 11, 5;
L_0000010b5a540da0 .cmp/eq 5, L_0000010b5a540d00, L_0000010b5a5604c0;
L_0000010b5a541020 .functor MUXZ 2, L_0000010b5a560550, L_0000010b5a560508, L_0000010b5a5a8e00, C4<>;
L_0000010b5a5410c0 .part L_0000010b5a541020, 0, 1;
L_0000010b5a541200 .part o0000010b5a4de438, 15, 1;
L_0000010b5a5412a0 .part o0000010b5a4de438, 14, 1;
L_0000010b5a5413e0 .part o0000010b5a4de438, 13, 1;
L_0000010b5a542740 .part o0000010b5a4de438, 12, 1;
L_0000010b5a5435a0 .part o0000010b5a4de438, 11, 1;
L_0000010b5a542ce0 .part o0000010b5a4de438, 15, 1;
L_0000010b5a542100 .part o0000010b5a4de438, 14, 1;
L_0000010b5a5433c0 .part o0000010b5a4de438, 13, 1;
L_0000010b5a542ec0 .part o0000010b5a4de438, 12, 1;
L_0000010b5a5431e0 .part o0000010b5a4de438, 11, 1;
L_0000010b5a542d80 .part o0000010b5a4de438, 15, 1;
L_0000010b5a542e20 .part o0000010b5a4de438, 14, 1;
L_0000010b5a542f60 .part o0000010b5a4de438, 13, 1;
L_0000010b5a5436e0 .part o0000010b5a4de438, 12, 1;
L_0000010b5a543640 .part o0000010b5a4de438, 11, 1;
L_0000010b5a5421a0 .part o0000010b5a4de438, 15, 1;
L_0000010b5a543460 .part o0000010b5a4de438, 14, 1;
L_0000010b5a5430a0 .part o0000010b5a4de438, 13, 1;
L_0000010b5a543500 .part o0000010b5a4de438, 12, 1;
L_0000010b5a542920 .part o0000010b5a4de438, 11, 1;
L_0000010b5a543280 .part o0000010b5a4de438, 15, 1;
L_0000010b5a5429c0 .part o0000010b5a4de438, 14, 1;
L_0000010b5a543320 .part o0000010b5a4de438, 13, 1;
L_0000010b5a543780 .part o0000010b5a4de438, 12, 1;
L_0000010b5a542240 .part o0000010b5a4de438, 11, 1;
L_0000010b5a542420 .part o0000010b5a4de438, 15, 1;
L_0000010b5a543000 .part o0000010b5a4de438, 14, 1;
L_0000010b5a5422e0 .part o0000010b5a4de438, 13, 1;
L_0000010b5a542380 .part o0000010b5a4de438, 12, 1;
L_0000010b5a5424c0 .part o0000010b5a4de438, 11, 1;
L_0000010b5a542560 .part o0000010b5a4de438, 15, 1;
L_0000010b5a542600 .part o0000010b5a4de438, 14, 1;
L_0000010b5a5426a0 .part o0000010b5a4de438, 13, 1;
L_0000010b5a542c40 .part o0000010b5a4de438, 12, 1;
L_0000010b5a5427e0 .part o0000010b5a4de438, 11, 1;
L_0000010b5a543140 .part o0000010b5a4de438, 15, 1;
L_0000010b5a542a60 .part o0000010b5a4de438, 14, 1;
L_0000010b5a542880 .part o0000010b5a4de438, 13, 1;
L_0000010b5a542b00 .part o0000010b5a4de438, 12, 1;
L_0000010b5a542ba0 .part o0000010b5a4de438, 11, 1;
L_0000010b5a549b10 .part o0000010b5a4de438, 15, 1;
L_0000010b5a547950 .part o0000010b5a4de438, 14, 1;
L_0000010b5a5482b0 .part o0000010b5a4de438, 13, 1;
L_0000010b5a549930 .part o0000010b5a4de438, 12, 1;
L_0000010b5a547b30 .part o0000010b5a4de438, 11, 1;
L_0000010b5a5485d0 .part o0000010b5a4de438, 15, 1;
L_0000010b5a548f30 .part o0000010b5a4de438, 14, 1;
L_0000010b5a5499d0 .part o0000010b5a4de438, 13, 1;
L_0000010b5a547e50 .part o0000010b5a4de438, 12, 1;
L_0000010b5a548350 .part o0000010b5a4de438, 11, 1;
L_0000010b5a548490 .part o0000010b5a4de438, 15, 1;
L_0000010b5a5483f0 .part o0000010b5a4de438, 14, 1;
L_0000010b5a549610 .part o0000010b5a4de438, 13, 1;
L_0000010b5a5496b0 .part o0000010b5a4de438, 11, 1;
L_0000010b5a549750 .part o0000010b5a4de438, 15, 1;
L_0000010b5a547d10 .part o0000010b5a4de438, 14, 1;
L_0000010b5a547ef0 .part o0000010b5a4de438, 13, 1;
L_0000010b5a548850 .part o0000010b5a4de438, 11, 1;
LS_0000010b5a5492f0_0_0 .concat8 [ 1 1 1 1], L_0000010b5a548a30, L_0000010b5a5469a0, L_0000010b5a547110, L_0000010b5a5475e0;
LS_0000010b5a5492f0_0_4 .concat8 [ 1 1 1 1], L_0000010b5a546cb0, L_0000010b5a5a89a0, L_0000010b5a5a85b0, L_0000010b5a5a8460;
LS_0000010b5a5492f0_0_8 .concat8 [ 1 1 1 1], L_0000010b5a5a8bd0, L_0000010b5a5a8b60, L_0000010b5a5a8380, L_0000010b5a5a8ee0;
LS_0000010b5a5492f0_0_12 .concat8 [ 1 1 1 1], L_0000010b5a5a8150, L_0000010b5a5410c0, L_0000010b5a5a8850, L_0000010b5a53fc20;
LS_0000010b5a5492f0_0_16 .concat8 [ 1 1 1 1], L_0000010b5a4d9bd0, L_0000010b5a4d9cb0, L_0000010b5a4d9930, L_0000010b5a4d99a0;
LS_0000010b5a5492f0_1_0 .concat8 [ 4 4 4 4], LS_0000010b5a5492f0_0_0, LS_0000010b5a5492f0_0_4, LS_0000010b5a5492f0_0_8, LS_0000010b5a5492f0_0_12;
LS_0000010b5a5492f0_1_4 .concat8 [ 4 0 0 0], LS_0000010b5a5492f0_0_16;
L_0000010b5a5492f0 .concat8 [ 16 4 0 0], LS_0000010b5a5492f0_1_0, LS_0000010b5a5492f0_1_4;
L_0000010b5a547f90 .part o0000010b5a4de438, 14, 2;
L_0000010b5a549ed0 .cmp/eq 2, L_0000010b5a547f90, L_0000010b5a560598;
L_0000010b5a548d50 .part o0000010b5a4de438, 11, 5;
L_0000010b5a549cf0 .cmp/eq 5, L_0000010b5a548d50, L_0000010b5a5605e0;
L_0000010b5a547a90 .part o0000010b5a4de438, 11, 5;
L_0000010b5a549bb0 .cmp/eq 5, L_0000010b5a547a90, L_0000010b5a560628;
L_0000010b5a549890 .part o0000010b5a4de438, 11, 5;
L_0000010b5a549c50 .cmp/eq 5, L_0000010b5a549890, L_0000010b5a560670;
L_0000010b5a548ad0 .part o0000010b5a4de438, 11, 5;
L_0000010b5a549a70 .cmp/eq 5, L_0000010b5a548ad0, L_0000010b5a5606b8;
L_0000010b5a548030 .part o0000010b5a4de438, 11, 5;
L_0000010b5a5479f0 .cmp/eq 5, L_0000010b5a548030, L_0000010b5a560700;
L_0000010b5a5497f0 .part o0000010b5a4de438, 11, 5;
L_0000010b5a548530 .cmp/eq 5, L_0000010b5a5497f0, L_0000010b5a560748;
L_0000010b5a5480d0 .part o0000010b5a4de438, 11, 5;
L_0000010b5a549d90 .cmp/eq 5, L_0000010b5a5480d0, L_0000010b5a560790;
L_0000010b5a549e30 .functor MUXZ 2, L_0000010b5a560820, L_0000010b5a5607d8, L_0000010b5a547500, C4<>;
L_0000010b5a548a30 .part L_0000010b5a549e30, 0, 1;
# The file index is used to find the file name in the following table.
:file_names 3;
    "N/A";
    "<interactive>";
    "control_unit.v";
