#! /c/Source/iverilog-install/bin/vvp
:ivl_version "12.0 (devel)" "(s20150603-1539-g2693dd32b)";
:ivl_delay_selection "TYPICAL";
:vpi_time_precision + 0;
:vpi_module "C:\iverilog\lib\ivl\system.vpi";
:vpi_module "C:\iverilog\lib\ivl\vhdl_sys.vpi";
:vpi_module "C:\iverilog\lib\ivl\vhdl_textio.vpi";
:vpi_module "C:\iverilog\lib\ivl\v2005_math.vpi";
:vpi_module "C:\iverilog\lib\ivl\va_math.vpi";
S_00000259c7cb6d00 .scope module, "forwarding_unit" "forwarding_unit" 2 1;
 .timescale 0 0;
    .port_info 0 /INPUT 1 "wbExecute";
    .port_info 1 /INPUT 3 "addressExecute";
    .port_info 2 /INPUT 16 "valueExecute";
    .port_info 3 /INPUT 1 "wbMemo";
    .port_info 4 /INPUT 3 "addressMemo";
    .port_info 5 /INPUT 16 "valueMemo";
    .port_info 6 /INPUT 3 "sourceAddress1";
    .port_info 7 /INPUT 3 "sourceAddress2";
    .port_info 8 /OUTPUT 16 "result1";
    .port_info 9 /OUTPUT 1 "ctrl1";
    .port_info 10 /OUTPUT 16 "result2";
    .port_info 11 /OUTPUT 1 "ctrl2";
o00000259c7d089f8 .functor BUFZ 1, C4<z>; HiZ drive
L_00000259c7d61ca8 .functor BUFT 1, C4<1>, C4<0>, C4<0>, C4<0>;
L_00000259c7d004e0 .functor XNOR 1, o00000259c7d089f8, L_00000259c7d61ca8, C4<0>, C4<0>;
L_00000259c7d002b0 .functor AND 1, L_00000259c7d57ff0, L_00000259c7d004e0, C4<1>, C4<1>;
o00000259c7d08a28 .functor BUFZ 1, C4<z>; HiZ drive
L_00000259c7d61cf0 .functor BUFT 1, C4<1>, C4<0>, C4<0>, C4<0>;
L_00000259c7d000f0 .functor XNOR 1, o00000259c7d08a28, L_00000259c7d61cf0, C4<0>, C4<0>;
L_00000259c7cfff30 .functor AND 1, L_00000259c7d58090, L_00000259c7d000f0, C4<1>, C4<1>;
L_00000259c7d61d80 .functor BUFT 1, C4<1>, C4<0>, C4<0>, C4<0>;
L_00000259c7cfffa0 .functor XNOR 1, o00000259c7d089f8, L_00000259c7d61d80, C4<0>, C4<0>;
L_00000259c7d001d0 .functor AND 1, L_00000259c7d59530, L_00000259c7cfffa0, C4<1>, C4<1>;
L_00000259c7d61dc8 .functor BUFT 1, C4<1>, C4<0>, C4<0>, C4<0>;
L_00000259c7d00550 .functor XNOR 1, o00000259c7d08a28, L_00000259c7d61dc8, C4<0>, C4<0>;
L_00000259c7d00160 .functor AND 1, L_00000259c7d59490, L_00000259c7d00550, C4<1>, C4<1>;
L_00000259c7d61e58 .functor BUFT 1, C4<1>, C4<0>, C4<0>, C4<0>;
L_00000259c7cffe50 .functor XNOR 1, o00000259c7d089f8, L_00000259c7d61e58, C4<0>, C4<0>;
L_00000259c7d00010 .functor AND 1, L_00000259c7d59b70, L_00000259c7cffe50, C4<1>, C4<1>;
L_00000259c7d61ee8 .functor BUFT 1, C4<1>, C4<0>, C4<0>, C4<0>;
L_00000259c7cffec0 .functor XNOR 1, o00000259c7d08a28, L_00000259c7d61ee8, C4<0>, C4<0>;
L_00000259c7d00240 .functor AND 1, L_00000259c7d588b0, L_00000259c7cffec0, C4<1>, C4<1>;
L_00000259c7d61fc0 .functor BUFT 1, C4<1>, C4<0>, C4<0>, C4<0>;
L_00000259c7d00470 .functor XNOR 1, o00000259c7d089f8, L_00000259c7d61fc0, C4<0>, C4<0>;
L_00000259c7d00320 .functor AND 1, L_00000259c7d58f90, L_00000259c7d00470, C4<1>, C4<1>;
L_00000259c7d62050 .functor BUFT 1, C4<1>, C4<0>, C4<0>, C4<0>;
L_00000259c7d00080 .functor XNOR 1, o00000259c7d08a28, L_00000259c7d62050, C4<0>, C4<0>;
L_00000259c7d00400 .functor AND 1, L_00000259c7d581d0, L_00000259c7d00080, C4<1>, C4<1>;
v00000259c7cfacd0_0 .net *"_ivl_0", 0 0, L_00000259c7d57ff0;  1 drivers
v00000259c7cfad70_0 .net/2u *"_ivl_10", 0 0, L_00000259c7d61cf0;  1 drivers
v00000259c7d56080_0 .net *"_ivl_12", 0 0, L_00000259c7d000f0;  1 drivers
v00000259c7d56760_0 .net *"_ivl_15", 0 0, L_00000259c7cfff30;  1 drivers
L_00000259c7d61d38 .functor BUFT 1, C4<0000000000000000>, C4<0>, C4<0>, C4<0>;
v00000259c7d57ac0_0 .net/2u *"_ivl_16", 15 0, L_00000259c7d61d38;  1 drivers
v00000259c7d572a0_0 .net *"_ivl_18", 15 0, L_00000259c7d57d70;  1 drivers
v00000259c7d56260_0 .net/2u *"_ivl_2", 0 0, L_00000259c7d61ca8;  1 drivers
v00000259c7d578e0_0 .net *"_ivl_22", 0 0, L_00000259c7d59530;  1 drivers
v00000259c7d55ea0_0 .net/2u *"_ivl_24", 0 0, L_00000259c7d61d80;  1 drivers
v00000259c7d55e00_0 .net *"_ivl_26", 0 0, L_00000259c7cfffa0;  1 drivers
v00000259c7d56620_0 .net *"_ivl_29", 0 0, L_00000259c7d001d0;  1 drivers
v00000259c7d56e40_0 .net *"_ivl_30", 0 0, L_00000259c7d59490;  1 drivers
v00000259c7d56b20_0 .net/2u *"_ivl_32", 0 0, L_00000259c7d61dc8;  1 drivers
v00000259c7d56800_0 .net *"_ivl_34", 0 0, L_00000259c7d00550;  1 drivers
v00000259c7d56120_0 .net *"_ivl_37", 0 0, L_00000259c7d00160;  1 drivers
L_00000259c7d61e10 .functor BUFT 1, C4<0000000000000000>, C4<0>, C4<0>, C4<0>;
v00000259c7d56f80_0 .net/2u *"_ivl_38", 15 0, L_00000259c7d61e10;  1 drivers
v00000259c7d56a80_0 .net *"_ivl_4", 0 0, L_00000259c7d004e0;  1 drivers
v00000259c7d56bc0_0 .net *"_ivl_40", 15 0, L_00000259c7d59990;  1 drivers
v00000259c7d56d00_0 .net *"_ivl_44", 0 0, L_00000259c7d59b70;  1 drivers
v00000259c7d561c0_0 .net/2u *"_ivl_46", 0 0, L_00000259c7d61e58;  1 drivers
v00000259c7d56940_0 .net *"_ivl_48", 0 0, L_00000259c7cffe50;  1 drivers
v00000259c7d56c60_0 .net *"_ivl_51", 0 0, L_00000259c7d00010;  1 drivers
L_00000259c7d61ea0 .functor BUFT 1, C4<1>, C4<0>, C4<0>, C4<0>;
v00000259c7d56300_0 .net/2u *"_ivl_52", 0 0, L_00000259c7d61ea0;  1 drivers
v00000259c7d563a0_0 .net *"_ivl_54", 0 0, L_00000259c7d588b0;  1 drivers
v00000259c7d57340_0 .net/2u *"_ivl_56", 0 0, L_00000259c7d61ee8;  1 drivers
v00000259c7d566c0_0 .net *"_ivl_58", 0 0, L_00000259c7cffec0;  1 drivers
v00000259c7d575c0_0 .net *"_ivl_61", 0 0, L_00000259c7d00240;  1 drivers
L_00000259c7d61f30 .functor BUFT 1, C4<1>, C4<0>, C4<0>, C4<0>;
v00000259c7d57980_0 .net/2u *"_ivl_62", 0 0, L_00000259c7d61f30;  1 drivers
L_00000259c7d61f78 .functor BUFT 1, C4<0>, C4<0>, C4<0>, C4<0>;
v00000259c7d57020_0 .net/2u *"_ivl_64", 0 0, L_00000259c7d61f78;  1 drivers
v00000259c7d56440_0 .net *"_ivl_66", 0 0, L_00000259c7d58590;  1 drivers
v00000259c7d57660_0 .net *"_ivl_7", 0 0, L_00000259c7d002b0;  1 drivers
v00000259c7d569e0_0 .net *"_ivl_70", 0 0, L_00000259c7d58f90;  1 drivers
v00000259c7d57a20_0 .net/2u *"_ivl_72", 0 0, L_00000259c7d61fc0;  1 drivers
v00000259c7d55f40_0 .net *"_ivl_74", 0 0, L_00000259c7d00470;  1 drivers
v00000259c7d57700_0 .net *"_ivl_77", 0 0, L_00000259c7d00320;  1 drivers
L_00000259c7d62008 .functor BUFT 1, C4<1>, C4<0>, C4<0>, C4<0>;
v00000259c7d57520_0 .net/2u *"_ivl_78", 0 0, L_00000259c7d62008;  1 drivers
v00000259c7d55fe0_0 .net *"_ivl_8", 0 0, L_00000259c7d58090;  1 drivers
v00000259c7d56da0_0 .net *"_ivl_80", 0 0, L_00000259c7d581d0;  1 drivers
v00000259c7d56ee0_0 .net/2u *"_ivl_82", 0 0, L_00000259c7d62050;  1 drivers
v00000259c7d568a0_0 .net *"_ivl_84", 0 0, L_00000259c7d00080;  1 drivers
v00000259c7d577a0_0 .net *"_ivl_87", 0 0, L_00000259c7d00400;  1 drivers
L_00000259c7d62098 .functor BUFT 1, C4<1>, C4<0>, C4<0>, C4<0>;
v00000259c7d573e0_0 .net/2u *"_ivl_88", 0 0, L_00000259c7d62098;  1 drivers
L_00000259c7d620e0 .functor BUFT 1, C4<0>, C4<0>, C4<0>, C4<0>;
v00000259c7d57840_0 .net/2u *"_ivl_90", 0 0, L_00000259c7d620e0;  1 drivers
v00000259c7d570c0_0 .net *"_ivl_92", 0 0, L_00000259c7d59850;  1 drivers
o00000259c7d08818 .functor BUFZ 3, C4<zzz>; HiZ drive
v00000259c7d564e0_0 .net "addressExecute", 2 0, o00000259c7d08818;  0 drivers
o00000259c7d08848 .functor BUFZ 3, C4<zzz>; HiZ drive
v00000259c7d57160_0 .net "addressMemo", 2 0, o00000259c7d08848;  0 drivers
v00000259c7d57200_0 .net "ctrl1", 0 0, L_00000259c7d58c70;  1 drivers
v00000259c7d57480_0 .net "ctrl2", 0 0, L_00000259c7d589f0;  1 drivers
v00000259c7d57b60_0 .net "result1", 15 0, L_00000259c7d58950;  1 drivers
v00000259c7d56580_0 .net "result2", 15 0, L_00000259c7d58130;  1 drivers
o00000259c7d08938 .functor BUFZ 3, C4<zzz>; HiZ drive
v00000259c7d55cc0_0 .net "sourceAddress1", 2 0, o00000259c7d08938;  0 drivers
o00000259c7d08968 .functor BUFZ 3, C4<zzz>; HiZ drive
v00000259c7d55d60_0 .net "sourceAddress2", 2 0, o00000259c7d08968;  0 drivers
o00000259c7d08998 .functor BUFZ 16, C4<zzzzzzzzzzzzzzzz>; HiZ drive
v00000259c7d58b30_0 .net "valueExecute", 15 0, o00000259c7d08998;  0 drivers
o00000259c7d089c8 .functor BUFZ 16, C4<zzzzzzzzzzzzzzzz>; HiZ drive
v00000259c7d58450_0 .net "valueMemo", 15 0, o00000259c7d089c8;  0 drivers
v00000259c7d58bd0_0 .net "wbExecute", 0 0, o00000259c7d089f8;  0 drivers
v00000259c7d57f50_0 .net "wbMemo", 0 0, o00000259c7d08a28;  0 drivers
L_00000259c7d57ff0 .cmp/eq 3, o00000259c7d08818, o00000259c7d08938;
L_00000259c7d58090 .cmp/eq 3, o00000259c7d08848, o00000259c7d08938;
L_00000259c7d57d70 .functor MUXZ 16, L_00000259c7d61d38, o00000259c7d089c8, L_00000259c7cfff30, C4<>;
L_00000259c7d58950 .functor MUXZ 16, L_00000259c7d57d70, o00000259c7d08998, L_00000259c7d002b0, C4<>;
L_00000259c7d59530 .cmp/eq 3, o00000259c7d08818, o00000259c7d08968;
L_00000259c7d59490 .cmp/eq 3, o00000259c7d08848, o00000259c7d08968;
L_00000259c7d59990 .functor MUXZ 16, L_00000259c7d61e10, o00000259c7d089c8, L_00000259c7d00160, C4<>;
L_00000259c7d58130 .functor MUXZ 16, L_00000259c7d59990, o00000259c7d08998, L_00000259c7d001d0, C4<>;
L_00000259c7d59b70 .cmp/eq 3, o00000259c7d08818, o00000259c7d08938;
L_00000259c7d588b0 .cmp/eq 3, o00000259c7d08848, o00000259c7d08938;
L_00000259c7d58590 .functor MUXZ 1, L_00000259c7d61f78, L_00000259c7d61f30, L_00000259c7d00240, C4<>;
L_00000259c7d58c70 .functor MUXZ 1, L_00000259c7d58590, L_00000259c7d61ea0, L_00000259c7d00010, C4<>;
L_00000259c7d58f90 .cmp/eq 3, o00000259c7d08818, o00000259c7d08968;
L_00000259c7d581d0 .cmp/eq 3, o00000259c7d08848, o00000259c7d08968;
L_00000259c7d59850 .functor MUXZ 1, L_00000259c7d620e0, L_00000259c7d62098, L_00000259c7d00400, C4<>;
L_00000259c7d589f0 .functor MUXZ 1, L_00000259c7d59850, L_00000259c7d62008, L_00000259c7d00320, C4<>;
# The file index is used to find the file name in the following table.
:file_names 3;
    "N/A";
    "<interactive>";
    "forwarding_unit.v";
