#! /c/Source/iverilog-install/bin/vvp
:ivl_version "12.0 (devel)" "(s20150603-1539-g2693dd32b)";
:ivl_delay_selection "TYPICAL";
:vpi_time_precision + 0;
:vpi_module "C:\iverilog\lib\ivl\system.vpi";
:vpi_module "C:\iverilog\lib\ivl\vhdl_sys.vpi";
:vpi_module "C:\iverilog\lib\ivl\vhdl_textio.vpi";
:vpi_module "C:\iverilog\lib\ivl\v2005_math.vpi";
:vpi_module "C:\iverilog\lib\ivl\va_math.vpi";
S_000001e0c5986bf0 .scope module, "interupt_control" "interupt_control" 2 1;
 .timescale 0 0;
    .port_info 0 /INPUT 1 "intSignal";
    .port_info 1 /INPUT 1 "clk";
    .port_info 2 /INPUT 1 "rst";
    .port_info 3 /OUTPUT 4 "out";
o000001e0c59d7f88 .functor BUFZ 1, C4<z>; HiZ drive
v000001e0c5986d80_0 .net "clk", 0 0, o000001e0c59d7f88;  0 drivers
v000001e0c598bdc0_0 .var "counter", 2 0;
o000001e0c59d7fe8 .functor BUFZ 1, C4<z>; HiZ drive
v000001e0c598be60_0 .net "intSignal", 0 0, o000001e0c59d7fe8;  0 drivers
v000001e0c598bf00_0 .var "out", 3 0;
o000001e0c59d8048 .functor BUFZ 1, C4<z>; HiZ drive
v000001e0c5986e20_0 .net "rst", 0 0, o000001e0c59d8048;  0 drivers
v000001e0c5986ec0_0 .var "status", 2 0;
E_000001e0c5988cd0 .event posedge, v000001e0c5986d80_0;
    .scope S_000001e0c5986bf0;
T_0 ;
    %wait E_000001e0c5988cd0;
    %load/vec4 v000001e0c5986e20_0;
    %pad/u 32;
    %cmpi/e 1, 0, 32;
    %jmp/0xz  T_0.0, 4;
    %pushi/vec4 1, 0, 3;
    %store/vec4 v000001e0c5986ec0_0, 0, 3;
    %pushi/vec4 0, 0, 4;
    %store/vec4 v000001e0c598bf00_0, 0, 4;
    %pushi/vec4 0, 0, 3;
    %store/vec4 v000001e0c598bdc0_0, 0, 3;
T_0.0 ;
    %load/vec4 v000001e0c5986ec0_0;
    %cmpi/u 0, 0, 3;
    %flag_or 5, 4; GT is !LE
    %flag_inv 5;
    %flag_get/vec4 5;
    %jmp/0 T_0.5, 5;
    %load/vec4 v000001e0c598bdc0_0;
    %cmpi/u 7, 0, 3;
    %flag_get/vec4 5;
    %and;
T_0.5;
    %flag_set/vec4 9;
    %flag_get/vec4 9;
    %jmp/0 T_0.4, 9;
    %load/vec4 v000001e0c598be60_0;
    %and;
T_0.4;
    %flag_set/vec4 8;
    %jmp/0xz  T_0.2, 8;
    %vpi_call 2 22 "$display", "status   = %b", v000001e0c5986ec0_0 {0 0 0};
    %load/vec4 v000001e0c5986ec0_0;
    %cmpi/e 2, 0, 3;
    %jmp/1 T_0.10, 4;
    %flag_mov 8, 4;
    %load/vec4 v000001e0c5986ec0_0;
    %cmpi/e 3, 0, 3;
    %flag_or 4, 8;
T_0.10;
    %jmp/1 T_0.9, 4;
    %flag_mov 8, 4;
    %load/vec4 v000001e0c5986ec0_0;
    %cmpi/e 4, 0, 3;
    %flag_or 4, 8;
T_0.9;
    %jmp/1 T_0.8, 4;
    %flag_mov 8, 4;
    %load/vec4 v000001e0c5986ec0_0;
    %cmpi/e 5, 0, 3;
    %flag_or 4, 8;
T_0.8;
    %jmp/0xz  T_0.6, 4;
    %pushi/vec4 1, 0, 4;
    %store/vec4 v000001e0c598bf00_0, 0, 4;
    %jmp T_0.7;
T_0.6 ;
    %load/vec4 v000001e0c5986ec0_0;
    %cmpi/e 6, 0, 3;
    %jmp/0xz  T_0.11, 4;
    %pushi/vec4 2, 0, 4;
    %store/vec4 v000001e0c598bf00_0, 0, 4;
    %jmp T_0.12;
T_0.11 ;
    %load/vec4 v000001e0c5986ec0_0;
    %cmpi/e 7, 0, 3;
    %jmp/0xz  T_0.13, 4;
    %pushi/vec4 6, 0, 4;
    %store/vec4 v000001e0c598bf00_0, 0, 4;
    %jmp T_0.14;
T_0.13 ;
    %load/vec4 v000001e0c5986ec0_0;
    %cmpi/e 6, 0, 3;
    %jmp/0xz  T_0.15, 4;
    %pushi/vec4 8, 0, 4;
    %store/vec4 v000001e0c598bf00_0, 0, 4;
    %jmp T_0.16;
T_0.15 ;
    %pushi/vec4 0, 0, 4;
    %store/vec4 v000001e0c598bf00_0, 0, 4;
T_0.16 ;
T_0.14 ;
T_0.12 ;
T_0.7 ;
    %load/vec4 v000001e0c598bdc0_0;
    %addi 1, 0, 3;
    %store/vec4 v000001e0c598bdc0_0, 0, 3;
    %load/vec4 v000001e0c5986ec0_0;
    %addi 1, 0, 3;
    %store/vec4 v000001e0c5986ec0_0, 0, 3;
T_0.2 ;
    %jmp T_0;
    .thread T_0;
# The file index is used to find the file name in the following table.
:file_names 3;
    "N/A";
    "<interactive>";
    "interupt_control.v";
