#! /c/Source/iverilog-install/bin/vvp
:ivl_version "12.0 (devel)" "(s20150603-1539-g2693dd32b)";
:ivl_delay_selection "TYPICAL";
:vpi_time_precision + 0;
:vpi_module "C:\iverilog\lib\ivl\system.vpi";
:vpi_module "C:\iverilog\lib\ivl\vhdl_sys.vpi";
:vpi_module "C:\iverilog\lib\ivl\vhdl_textio.vpi";
:vpi_module "C:\iverilog\lib\ivl\v2005_math.vpi";
:vpi_module "C:\iverilog\lib\ivl\va_math.vpi";
S_000001c345f76d00 .scope module, "interupt_control" "interupt_control" 2 1;
 .timescale 0 0;
    .port_info 0 /INPUT 1 "intSignal";
    .port_info 1 /INPUT 1 "clk";
    .port_info 2 /OUTPUT 4 "out";
o000001c345fc6f98 .functor BUFZ 1, C4<z>; HiZ drive
v000001c345f76e90_0 .net "clk", 0 0, o000001c345fc6f98;  0 drivers
v000001c345f76f30_0 .var "counter", 2 0;
o000001c345fc6ff8 .functor BUFZ 1, C4<z>; HiZ drive
v000001c345f76fd0_0 .net "intSignal", 0 0, o000001c345fc6ff8;  0 drivers
v000001c345f7ba80_0 .var "out", 3 0;
v000001c345f7bb20_0 .var "status", 2 0;
E_000001c345fc6390 .event posedge, v000001c345f76e90_0;
    .scope S_000001c345f76d00;
T_0 ;
    %wait E_000001c345fc6390;
    %load/vec4 v000001c345f76fd0_0;
    %pad/u 32;
    %cmpi/e 0, 0, 32;
    %jmp/0xz  T_0.0, 4;
    %pushi/vec4 0, 0, 3;
    %store/vec4 v000001c345f7bb20_0, 0, 3;
    %pushi/vec4 0, 0, 4;
    %store/vec4 v000001c345f7ba80_0, 0, 4;
    %pushi/vec4 0, 0, 3;
    %store/vec4 v000001c345f76f30_0, 0, 3;
    %jmp T_0.1;
T_0.0 ;
    %load/vec4 v000001c345f76fd0_0;
    %pad/u 32;
    %cmpi/e 1, 0, 32;
    %jmp/0xz  T_0.2, 4;
    %load/vec4 v000001c345f7bb20_0;
    %cmpi/e 1, 0, 3;
    %jmp/1 T_0.7, 4;
    %flag_mov 8, 4;
    %load/vec4 v000001c345f7bb20_0;
    %cmpi/e 2, 0, 3;
    %flag_or 4, 8;
T_0.7;
    %jmp/1 T_0.6, 4;
    %flag_mov 8, 4;
    %load/vec4 v000001c345f7bb20_0;
    %cmpi/e 3, 0, 3;
    %flag_or 4, 8;
T_0.6;
    %jmp/0xz  T_0.4, 4;
    %pushi/vec4 1, 0, 4;
    %store/vec4 v000001c345f7ba80_0, 0, 4;
    %jmp T_0.5;
T_0.4 ;
    %load/vec4 v000001c345f7bb20_0;
    %cmpi/e 4, 0, 3;
    %jmp/0xz  T_0.8, 4;
    %pushi/vec4 3, 0, 4;
    %store/vec4 v000001c345f7ba80_0, 0, 4;
    %jmp T_0.9;
T_0.8 ;
    %load/vec4 v000001c345f7bb20_0;
    %cmpi/e 5, 0, 3;
    %jmp/0xz  T_0.10, 4;
    %pushi/vec4 7, 0, 4;
    %store/vec4 v000001c345f7ba80_0, 0, 4;
    %jmp T_0.11;
T_0.10 ;
    %load/vec4 v000001c345f7bb20_0;
    %cmpi/e 6, 0, 3;
    %jmp/0xz  T_0.12, 4;
    %pushi/vec4 8, 0, 4;
    %store/vec4 v000001c345f7ba80_0, 0, 4;
    %jmp T_0.13;
T_0.12 ;
    %pushi/vec4 0, 0, 4;
    %store/vec4 v000001c345f7ba80_0, 0, 4;
T_0.13 ;
T_0.11 ;
T_0.9 ;
T_0.5 ;
T_0.2 ;
T_0.1 ;
    %load/vec4 v000001c345f76f30_0;
    %addi 1, 0, 3;
    %store/vec4 v000001c345f76f30_0, 0, 3;
    %jmp T_0;
    .thread T_0;
# The file index is used to find the file name in the following table.
:file_names 3;
    "N/A";
    "<interactive>";
    "interput_control.v";
