#! /c/Source/iverilog-install/bin/vvp
:ivl_version "12.0 (devel)" "(s20150603-1539-g2693dd32b)";
:ivl_delay_selection "TYPICAL";
:vpi_time_precision + 0;
:vpi_module "C:\iverilog\lib\ivl\system.vpi";
:vpi_module "C:\iverilog\lib\ivl\vhdl_sys.vpi";
:vpi_module "C:\iverilog\lib\ivl\vhdl_textio.vpi";
:vpi_module "C:\iverilog\lib\ivl\v2005_math.vpi";
:vpi_module "C:\iverilog\lib\ivl\va_math.vpi";
S_00000225e1e281e0 .scope module, "memory_stage" "memory_stage" 2 5;
 .timescale 0 0;
    .port_info 0 /INPUT 76 "MemoryInput";
    .port_info 1 /OUTPUT 42 "MemoryOutput";
v00000225e1ee1e40_0 .net "MemoryDataOut", 15 0, L_00000225e1ee3060;  1 drivers
o00000225e1e7ba18 .functor BUFZ 76, C4<zzzzzzzzzzzzzzzzzzzzzzzzzzzzzzzzzzzzzzzzzzzzzzzzzzzzzzzzzzzzzzzzzzzzzzzzzzzz>; HiZ drive
v00000225e1ee04a0_0 .net "MemoryInput", 75 0, o00000225e1e7ba18;  0 drivers
v00000225e1ee1bc0_0 .net "MemoryOutput", 41 0, L_00000225e1f49300;  1 drivers
v00000225e1ee1f80_0 .net "OutFromMux", 31 0, L_00000225e1ee37e0;  1 drivers
v00000225e1ee0ea0_0 .net "SP", 1 0, L_00000225e1ee0fe0;  1 drivers
v00000225e1ee18a0_0 .net *"_ivl_15", 15 0, L_00000225e1ee3240;  1 drivers
v00000225e1ee0ae0_0 .net *"_ivl_17", 2 0, L_00000225e1ee32e0;  1 drivers
v00000225e1ee20c0_0 .net *"_ivl_19", 2 0, L_00000225e1ee3380;  1 drivers
v00000225e1ee0720_0 .net *"_ivl_21", 1 0, L_00000225e1f496c0;  1 drivers
v00000225e1ee0f40_0 .net *"_ivl_23", 1 0, L_00000225e1f48900;  1 drivers
v00000225e1ee1800_0 .net "out", 31 0, L_00000225e1ee23e0;  1 drivers
L_00000225e1ee1ee0 .part o00000225e1e7ba18, 12, 16;
L_00000225e1ee0fe0 .part o00000225e1e7ba18, 2, 2;
L_00000225e1ee3600 .part o00000225e1e7ba18, 44, 32;
L_00000225e1ee2de0 .part L_00000225e1ee0fe0, 1, 1;
L_00000225e1ee3100 .part o00000225e1e7ba18, 28, 16;
L_00000225e1ee3920 .part o00000225e1e7ba18, 5, 1;
L_00000225e1ee31a0 .part o00000225e1e7ba18, 4, 1;
L_00000225e1ee3240 .part o00000225e1e7ba18, 12, 16;
L_00000225e1ee32e0 .part o00000225e1e7ba18, 9, 3;
L_00000225e1ee3380 .part o00000225e1e7ba18, 6, 3;
L_00000225e1f496c0 .part o00000225e1e7ba18, 2, 2;
L_00000225e1f48900 .part o00000225e1e7ba18, 0, 2;
LS_00000225e1f49300_0_0 .concat [ 2 2 3 3], L_00000225e1f48900, L_00000225e1f496c0, L_00000225e1ee3380, L_00000225e1ee32e0;
LS_00000225e1f49300_0_4 .concat [ 16 16 0 0], L_00000225e1ee3240, L_00000225e1ee3060;
L_00000225e1f49300 .concat [ 10 32 0 0], LS_00000225e1f49300_0_0, LS_00000225e1f49300_0_4;
S_00000225e1e28370 .scope module, "m" "append_zeros" 2 11, 3 1 0, S_00000225e1e281e0;
 .timescale 0 0;
    .port_info 0 /INPUT 16 "InputData";
    .port_info 1 /OUTPUT 32 "OutputData";
v00000225e1e6ed90_0 .net "InputData", 15 0, L_00000225e1ee1ee0;  1 drivers
v00000225e1e6de90_0 .net "OutputData", 31 0, L_00000225e1ee23e0;  alias, 1 drivers
L_00000225e1ee64b8 .functor BUFT 1, C4<0000000000000000>, C4<0>, C4<0>, C4<0>;
v00000225e1e6e430_0 .net/2u *"_ivl_0", 15 0, L_00000225e1ee64b8;  1 drivers
L_00000225e1ee23e0 .concat [ 16 16 0 0], L_00000225e1ee1ee0, L_00000225e1ee64b8;
S_00000225e1e2c550 .scope module, "n" "mux_2x1_32bit" 2 22, 4 3 0, S_00000225e1e281e0;
 .timescale 0 0;
    .port_info 0 /INPUT 32 "I0";
    .port_info 1 /INPUT 32 "I1";
    .port_info 2 /INPUT 1 "S";
    .port_info 3 /OUTPUT 32 "O";
v00000225e1edb3f0_0 .net "I0", 31 0, L_00000225e1ee23e0;  alias, 1 drivers
v00000225e1edb710_0 .net "I1", 31 0, L_00000225e1ee3600;  1 drivers
v00000225e1ee0cc0_0 .net "O", 31 0, L_00000225e1ee37e0;  alias, 1 drivers
v00000225e1ee00e0_0 .net "S", 0 0, L_00000225e1ee2de0;  1 drivers
L_00000225e1ee0e00 .part L_00000225e1ee23e0, 0, 1;
L_00000225e1ee16c0 .part L_00000225e1ee3600, 0, 1;
L_00000225e1ee1300 .part L_00000225e1ee23e0, 1, 1;
L_00000225e1ee0400 .part L_00000225e1ee3600, 1, 1;
L_00000225e1ee11c0 .part L_00000225e1ee23e0, 2, 1;
L_00000225e1ee2520 .part L_00000225e1ee3600, 2, 1;
L_00000225e1ee2840 .part L_00000225e1ee23e0, 3, 1;
L_00000225e1ee1260 .part L_00000225e1ee3600, 3, 1;
L_00000225e1ee1440 .part L_00000225e1ee23e0, 4, 1;
L_00000225e1ee0a40 .part L_00000225e1ee3600, 4, 1;
L_00000225e1ee02c0 .part L_00000225e1ee23e0, 5, 1;
L_00000225e1ee1d00 .part L_00000225e1ee3600, 5, 1;
L_00000225e1ee27a0 .part L_00000225e1ee23e0, 6, 1;
L_00000225e1ee07c0 .part L_00000225e1ee3600, 6, 1;
L_00000225e1ee1da0 .part L_00000225e1ee23e0, 7, 1;
L_00000225e1ee0d60 .part L_00000225e1ee3600, 7, 1;
L_00000225e1ee13a0 .part L_00000225e1ee23e0, 8, 1;
L_00000225e1ee0900 .part L_00000225e1ee3600, 8, 1;
L_00000225e1ee1760 .part L_00000225e1ee23e0, 9, 1;
L_00000225e1ee1b20 .part L_00000225e1ee3600, 9, 1;
L_00000225e1ee0860 .part L_00000225e1ee23e0, 10, 1;
L_00000225e1ee1940 .part L_00000225e1ee3600, 10, 1;
L_00000225e1ee2700 .part L_00000225e1ee23e0, 11, 1;
L_00000225e1ee0220 .part L_00000225e1ee3600, 11, 1;
L_00000225e1ee14e0 .part L_00000225e1ee23e0, 12, 1;
L_00000225e1ee0680 .part L_00000225e1ee3600, 12, 1;
L_00000225e1ee0180 .part L_00000225e1ee23e0, 13, 1;
L_00000225e1ee0540 .part L_00000225e1ee3600, 13, 1;
L_00000225e1ee2160 .part L_00000225e1ee23e0, 14, 1;
L_00000225e1ee09a0 .part L_00000225e1ee3600, 14, 1;
L_00000225e1ee19e0 .part L_00000225e1ee23e0, 15, 1;
L_00000225e1ee0b80 .part L_00000225e1ee3600, 15, 1;
L_00000225e1ee25c0 .part L_00000225e1ee23e0, 16, 1;
L_00000225e1ee1a80 .part L_00000225e1ee3600, 16, 1;
L_00000225e1ee2200 .part L_00000225e1ee23e0, 17, 1;
L_00000225e1ee22a0 .part L_00000225e1ee3600, 17, 1;
L_00000225e1ee2340 .part L_00000225e1ee23e0, 18, 1;
L_00000225e1ee2660 .part L_00000225e1ee3600, 18, 1;
L_00000225e1ee3420 .part L_00000225e1ee23e0, 19, 1;
L_00000225e1ee28e0 .part L_00000225e1ee3600, 19, 1;
L_00000225e1ee2b60 .part L_00000225e1ee23e0, 20, 1;
L_00000225e1ee3ec0 .part L_00000225e1ee3600, 20, 1;
L_00000225e1ee3c40 .part L_00000225e1ee23e0, 21, 1;
L_00000225e1ee2fc0 .part L_00000225e1ee3600, 21, 1;
L_00000225e1ee3a60 .part L_00000225e1ee23e0, 22, 1;
L_00000225e1ee3880 .part L_00000225e1ee3600, 22, 1;
L_00000225e1ee3b00 .part L_00000225e1ee23e0, 23, 1;
L_00000225e1ee2d40 .part L_00000225e1ee3600, 23, 1;
L_00000225e1ee2e80 .part L_00000225e1ee23e0, 24, 1;
L_00000225e1ee2980 .part L_00000225e1ee3600, 24, 1;
L_00000225e1ee3ce0 .part L_00000225e1ee23e0, 25, 1;
L_00000225e1ee3d80 .part L_00000225e1ee3600, 25, 1;
L_00000225e1ee34c0 .part L_00000225e1ee23e0, 26, 1;
L_00000225e1ee3ba0 .part L_00000225e1ee3600, 26, 1;
L_00000225e1ee3e20 .part L_00000225e1ee23e0, 27, 1;
L_00000225e1ee3560 .part L_00000225e1ee3600, 27, 1;
L_00000225e1ee2ac0 .part L_00000225e1ee23e0, 28, 1;
L_00000225e1ee2c00 .part L_00000225e1ee3600, 28, 1;
L_00000225e1ee3f60 .part L_00000225e1ee23e0, 29, 1;
L_00000225e1ee39c0 .part L_00000225e1ee3600, 29, 1;
L_00000225e1ee2a20 .part L_00000225e1ee23e0, 30, 1;
L_00000225e1ee2ca0 .part L_00000225e1ee3600, 30, 1;
L_00000225e1ee36a0 .part L_00000225e1ee23e0, 31, 1;
L_00000225e1ee3740 .part L_00000225e1ee3600, 31, 1;
LS_00000225e1ee37e0_0_0 .concat8 [ 1 1 1 1], L_00000225e1e73ca0, L_00000225e1e746b0, L_00000225e1e73ed0, L_00000225e1e73920;
LS_00000225e1ee37e0_0_4 .concat8 [ 1 1 1 1], L_00000225e1e73e60, L_00000225e1f3e910, L_00000225e1f3e9f0, L_00000225e1f3ea60;
LS_00000225e1ee37e0_0_8 .concat8 [ 1 1 1 1], L_00000225e1f3ec20, L_00000225e1f3e7c0, L_00000225e1f3efa0, L_00000225e1f3ede0;
LS_00000225e1ee37e0_0_12 .concat8 [ 1 1 1 1], L_00000225e1f3f160, L_00000225e1f3f390, L_00000225e1f3f610, L_00000225e1f3fdf0;
LS_00000225e1ee37e0_0_16 .concat8 [ 1 1 1 1], L_00000225e1f402c0, L_00000225e1f3fbc0, L_00000225e1f3f5a0, L_00000225e1f3f8b0;
LS_00000225e1ee37e0_0_20 .concat8 [ 1 1 1 1], L_00000225e1f3fd10, L_00000225e1f40100, L_00000225e1f3ffb0, L_00000225e1f42fe0;
LS_00000225e1ee37e0_0_24 .concat8 [ 1 1 1 1], L_00000225e1f43670, L_00000225e1f438a0, L_00000225e1f43c90, L_00000225e1f42f70;
LS_00000225e1ee37e0_0_28 .concat8 [ 1 1 1 1], L_00000225e1f436e0, L_00000225e1f43830, L_00000225e1f43910, L_00000225e1f439f0;
LS_00000225e1ee37e0_1_0 .concat8 [ 4 4 4 4], LS_00000225e1ee37e0_0_0, LS_00000225e1ee37e0_0_4, LS_00000225e1ee37e0_0_8, LS_00000225e1ee37e0_0_12;
LS_00000225e1ee37e0_1_4 .concat8 [ 4 4 4 4], LS_00000225e1ee37e0_0_16, LS_00000225e1ee37e0_0_20, LS_00000225e1ee37e0_0_24, LS_00000225e1ee37e0_0_28;
L_00000225e1ee37e0 .concat8 [ 16 16 0 0], LS_00000225e1ee37e0_1_0, LS_00000225e1ee37e0_1_4;
S_00000225e1e2c6e0 .scope generate, "genblk1[0]" "genblk1[0]" 4 9, 4 9 0, S_00000225e1e2c550;
 .timescale 0 0;
P_00000225e1e72d60 .param/l "k" 0 4 9, +C4<00>;
S_00000225e1e26350 .scope module, "m" "mux_2x1_1bit" 4 10, 5 5 0, S_00000225e1e2c6e0;
 .timescale 0 0;
    .port_info 0 /INPUT 1 "I0";
    .port_info 1 /INPUT 1 "I1";
    .port_info 2 /INPUT 1 "S";
    .port_info 3 /OUTPUT 1 "O";
L_00000225e1e74640 .functor NOT 1, L_00000225e1ee2de0, C4<0>, C4<0>, C4<0>;
L_00000225e1e74790 .functor AND 1, L_00000225e1e74640, L_00000225e1ee0e00, C4<1>, C4<1>;
L_00000225e1e73c30 .functor AND 1, L_00000225e1ee2de0, L_00000225e1ee16c0, C4<1>, C4<1>;
L_00000225e1e73ca0 .functor OR 1, L_00000225e1e74790, L_00000225e1e73c30, C4<0>, C4<0>;
v00000225e1e6ec50_0 .net "I0", 0 0, L_00000225e1ee0e00;  1 drivers
v00000225e1e67be0_0 .net "I1", 0 0, L_00000225e1ee16c0;  1 drivers
v00000225e1e67c80_0 .net "O", 0 0, L_00000225e1e73ca0;  1 drivers
v00000225e1e66f60_0 .net "S", 0 0, L_00000225e1ee2de0;  alias, 1 drivers
v00000225e1e67f00_0 .net "Sbar", 0 0, L_00000225e1e74640;  1 drivers
v00000225e1e67320_0 .net "w1", 0 0, L_00000225e1e74790;  1 drivers
v00000225e1e682c0_0 .net "w2", 0 0, L_00000225e1e73c30;  1 drivers
S_00000225e1e264e0 .scope generate, "genblk1[1]" "genblk1[1]" 4 9, 4 9 0, S_00000225e1e2c550;
 .timescale 0 0;
P_00000225e1e730e0 .param/l "k" 0 4 9, +C4<01>;
S_00000225e1df2d20 .scope module, "m" "mux_2x1_1bit" 4 10, 5 5 0, S_00000225e1e264e0;
 .timescale 0 0;
    .port_info 0 /INPUT 1 "I0";
    .port_info 1 /INPUT 1 "I1";
    .port_info 2 /INPUT 1 "S";
    .port_info 3 /OUTPUT 1 "O";
L_00000225e1e73d10 .functor NOT 1, L_00000225e1ee2de0, C4<0>, C4<0>, C4<0>;
L_00000225e1e73d80 .functor AND 1, L_00000225e1e73d10, L_00000225e1ee1300, C4<1>, C4<1>;
L_00000225e1e74720 .functor AND 1, L_00000225e1ee2de0, L_00000225e1ee0400, C4<1>, C4<1>;
L_00000225e1e746b0 .functor OR 1, L_00000225e1e73d80, L_00000225e1e74720, C4<0>, C4<0>;
v00000225e1e664c0_0 .net "I0", 0 0, L_00000225e1ee1300;  1 drivers
v00000225e1e670a0_0 .net "I1", 0 0, L_00000225e1ee0400;  1 drivers
v00000225e1e5bb10_0 .net "O", 0 0, L_00000225e1e746b0;  1 drivers
v00000225e1e5bf70_0 .net "S", 0 0, L_00000225e1ee2de0;  alias, 1 drivers
v00000225e1e5c8d0_0 .net "Sbar", 0 0, L_00000225e1e73d10;  1 drivers
v00000225e1e5c290_0 .net "w1", 0 0, L_00000225e1e73d80;  1 drivers
v00000225e1e5c510_0 .net "w2", 0 0, L_00000225e1e74720;  1 drivers
S_00000225e1df2eb0 .scope generate, "genblk1[2]" "genblk1[2]" 4 9, 4 9 0, S_00000225e1e2c550;
 .timescale 0 0;
P_00000225e1e72c20 .param/l "k" 0 4 9, +C4<010>;
S_00000225e1df3040 .scope module, "m" "mux_2x1_1bit" 4 10, 5 5 0, S_00000225e1df2eb0;
 .timescale 0 0;
    .port_info 0 /INPUT 1 "I0";
    .port_info 1 /INPUT 1 "I1";
    .port_info 2 /INPUT 1 "S";
    .port_info 3 /OUTPUT 1 "O";
L_00000225e1e73df0 .functor NOT 1, L_00000225e1ee2de0, C4<0>, C4<0>, C4<0>;
L_00000225e1e742c0 .functor AND 1, L_00000225e1e73df0, L_00000225e1ee11c0, C4<1>, C4<1>;
L_00000225e1e73ae0 .functor AND 1, L_00000225e1ee2de0, L_00000225e1ee2520, C4<1>, C4<1>;
L_00000225e1e73ed0 .functor OR 1, L_00000225e1e742c0, L_00000225e1e73ae0, C4<0>, C4<0>;
v00000225e1e5d190_0 .net "I0", 0 0, L_00000225e1ee11c0;  1 drivers
v00000225e1e5cdd0_0 .net "I1", 0 0, L_00000225e1ee2520;  1 drivers
v00000225e1e619d0_0 .net "O", 0 0, L_00000225e1e73ed0;  1 drivers
v00000225e1e61110_0 .net "S", 0 0, L_00000225e1ee2de0;  alias, 1 drivers
v00000225e1e60df0_0 .net "Sbar", 0 0, L_00000225e1e73df0;  1 drivers
v00000225e1e60670_0 .net "w1", 0 0, L_00000225e1e742c0;  1 drivers
v00000225e1e61a70_0 .net "w2", 0 0, L_00000225e1e73ae0;  1 drivers
S_00000225e1ec4a50 .scope generate, "genblk1[3]" "genblk1[3]" 4 9, 4 9 0, S_00000225e1e2c550;
 .timescale 0 0;
P_00000225e1e73620 .param/l "k" 0 4 9, +C4<011>;
S_00000225e1ec4be0 .scope module, "m" "mux_2x1_1bit" 4 10, 5 5 0, S_00000225e1ec4a50;
 .timescale 0 0;
    .port_info 0 /INPUT 1 "I0";
    .port_info 1 /INPUT 1 "I1";
    .port_info 2 /INPUT 1 "S";
    .port_info 3 /OUTPUT 1 "O";
L_00000225e1e74330 .functor NOT 1, L_00000225e1ee2de0, C4<0>, C4<0>, C4<0>;
L_00000225e1e743a0 .functor AND 1, L_00000225e1e74330, L_00000225e1ee2840, C4<1>, C4<1>;
L_00000225e1e74800 .functor AND 1, L_00000225e1ee2de0, L_00000225e1ee1260, C4<1>, C4<1>;
L_00000225e1e73920 .functor OR 1, L_00000225e1e743a0, L_00000225e1e74800, C4<0>, C4<0>;
v00000225e1e611b0_0 .net "I0", 0 0, L_00000225e1ee2840;  1 drivers
v00000225e1e61570_0 .net "I1", 0 0, L_00000225e1ee1260;  1 drivers
v00000225e1e547b0_0 .net "O", 0 0, L_00000225e1e73920;  1 drivers
v00000225e1e551b0_0 .net "S", 0 0, L_00000225e1ee2de0;  alias, 1 drivers
v00000225e1e54b70_0 .net "Sbar", 0 0, L_00000225e1e74330;  1 drivers
v00000225e1ec6440_0 .net "w1", 0 0, L_00000225e1e743a0;  1 drivers
v00000225e1ec5220_0 .net "w2", 0 0, L_00000225e1e74800;  1 drivers
S_00000225e1ec6d80 .scope generate, "genblk1[4]" "genblk1[4]" 4 9, 4 9 0, S_00000225e1e2c550;
 .timescale 0 0;
P_00000225e1e729e0 .param/l "k" 0 4 9, +C4<0100>;
S_00000225e1ec6f10 .scope module, "m" "mux_2x1_1bit" 4 10, 5 5 0, S_00000225e1ec6d80;
 .timescale 0 0;
    .port_info 0 /INPUT 1 "I0";
    .port_info 1 /INPUT 1 "I1";
    .port_info 2 /INPUT 1 "S";
    .port_info 3 /OUTPUT 1 "O";
L_00000225e1e73990 .functor NOT 1, L_00000225e1ee2de0, C4<0>, C4<0>, C4<0>;
L_00000225e1e73a00 .functor AND 1, L_00000225e1e73990, L_00000225e1ee1440, C4<1>, C4<1>;
L_00000225e1e73a70 .functor AND 1, L_00000225e1ee2de0, L_00000225e1ee0a40, C4<1>, C4<1>;
L_00000225e1e73e60 .functor OR 1, L_00000225e1e73a00, L_00000225e1e73a70, C4<0>, C4<0>;
v00000225e1ec54a0_0 .net "I0", 0 0, L_00000225e1ee1440;  1 drivers
v00000225e1ec6940_0 .net "I1", 0 0, L_00000225e1ee0a40;  1 drivers
v00000225e1ec6800_0 .net "O", 0 0, L_00000225e1e73e60;  1 drivers
v00000225e1ec6580_0 .net "S", 0 0, L_00000225e1ee2de0;  alias, 1 drivers
v00000225e1ec57c0_0 .net "Sbar", 0 0, L_00000225e1e73990;  1 drivers
v00000225e1ec50e0_0 .net "w1", 0 0, L_00000225e1e73a00;  1 drivers
v00000225e1ec69e0_0 .net "w2", 0 0, L_00000225e1e73a70;  1 drivers
S_00000225e1ec70a0 .scope generate, "genblk1[5]" "genblk1[5]" 4 9, 4 9 0, S_00000225e1e2c550;
 .timescale 0 0;
P_00000225e1e72a20 .param/l "k" 0 4 9, +C4<0101>;
S_00000225e1ec7230 .scope module, "m" "mux_2x1_1bit" 4 10, 5 5 0, S_00000225e1ec70a0;
 .timescale 0 0;
    .port_info 0 /INPUT 1 "I0";
    .port_info 1 /INPUT 1 "I1";
    .port_info 2 /INPUT 1 "S";
    .port_info 3 /OUTPUT 1 "O";
L_00000225e1e73f40 .functor NOT 1, L_00000225e1ee2de0, C4<0>, C4<0>, C4<0>;
L_00000225e1e74020 .functor AND 1, L_00000225e1e73f40, L_00000225e1ee02c0, C4<1>, C4<1>;
L_00000225e1e74090 .functor AND 1, L_00000225e1ee2de0, L_00000225e1ee1d00, C4<1>, C4<1>;
L_00000225e1f3e910 .functor OR 1, L_00000225e1e74020, L_00000225e1e74090, C4<0>, C4<0>;
v00000225e1ec5860_0 .net "I0", 0 0, L_00000225e1ee02c0;  1 drivers
v00000225e1ec5540_0 .net "I1", 0 0, L_00000225e1ee1d00;  1 drivers
v00000225e1ec6760_0 .net "O", 0 0, L_00000225e1f3e910;  1 drivers
v00000225e1ec4fa0_0 .net "S", 0 0, L_00000225e1ee2de0;  alias, 1 drivers
v00000225e1ec5f40_0 .net "Sbar", 0 0, L_00000225e1e73f40;  1 drivers
v00000225e1ec55e0_0 .net "w1", 0 0, L_00000225e1e74020;  1 drivers
v00000225e1ec52c0_0 .net "w2", 0 0, L_00000225e1e74090;  1 drivers
S_00000225e1ec73c0 .scope generate, "genblk1[6]" "genblk1[6]" 4 9, 4 9 0, S_00000225e1e2c550;
 .timescale 0 0;
P_00000225e1e732a0 .param/l "k" 0 4 9, +C4<0110>;
S_00000225e1ec7550 .scope module, "m" "mux_2x1_1bit" 4 10, 5 5 0, S_00000225e1ec73c0;
 .timescale 0 0;
    .port_info 0 /INPUT 1 "I0";
    .port_info 1 /INPUT 1 "I1";
    .port_info 2 /INPUT 1 "S";
    .port_info 3 /OUTPUT 1 "O";
L_00000225e1f3e600 .functor NOT 1, L_00000225e1ee2de0, C4<0>, C4<0>, C4<0>;
L_00000225e1f3ebb0 .functor AND 1, L_00000225e1f3e600, L_00000225e1ee27a0, C4<1>, C4<1>;
L_00000225e1f3e980 .functor AND 1, L_00000225e1ee2de0, L_00000225e1ee07c0, C4<1>, C4<1>;
L_00000225e1f3e9f0 .functor OR 1, L_00000225e1f3ebb0, L_00000225e1f3e980, C4<0>, C4<0>;
v00000225e1ec6120_0 .net "I0", 0 0, L_00000225e1ee27a0;  1 drivers
v00000225e1ec5680_0 .net "I1", 0 0, L_00000225e1ee07c0;  1 drivers
v00000225e1ec5fe0_0 .net "O", 0 0, L_00000225e1f3e9f0;  1 drivers
v00000225e1ec5720_0 .net "S", 0 0, L_00000225e1ee2de0;  alias, 1 drivers
v00000225e1ec6620_0 .net "Sbar", 0 0, L_00000225e1f3e600;  1 drivers
v00000225e1ec64e0_0 .net "w1", 0 0, L_00000225e1f3ebb0;  1 drivers
v00000225e1ec5900_0 .net "w2", 0 0, L_00000225e1f3e980;  1 drivers
S_00000225e1ec7f00 .scope generate, "genblk1[7]" "genblk1[7]" 4 9, 4 9 0, S_00000225e1e2c550;
 .timescale 0 0;
P_00000225e1e731a0 .param/l "k" 0 4 9, +C4<0111>;
S_00000225e1ec8540 .scope module, "m" "mux_2x1_1bit" 4 10, 5 5 0, S_00000225e1ec7f00;
 .timescale 0 0;
    .port_info 0 /INPUT 1 "I0";
    .port_info 1 /INPUT 1 "I1";
    .port_info 2 /INPUT 1 "S";
    .port_info 3 /OUTPUT 1 "O";
L_00000225e1f3e830 .functor NOT 1, L_00000225e1ee2de0, C4<0>, C4<0>, C4<0>;
L_00000225e1f3ec90 .functor AND 1, L_00000225e1f3e830, L_00000225e1ee1da0, C4<1>, C4<1>;
L_00000225e1f3ef30 .functor AND 1, L_00000225e1ee2de0, L_00000225e1ee0d60, C4<1>, C4<1>;
L_00000225e1f3ea60 .functor OR 1, L_00000225e1f3ec90, L_00000225e1f3ef30, C4<0>, C4<0>;
v00000225e1ec66c0_0 .net "I0", 0 0, L_00000225e1ee1da0;  1 drivers
v00000225e1ec59a0_0 .net "I1", 0 0, L_00000225e1ee0d60;  1 drivers
v00000225e1ec68a0_0 .net "O", 0 0, L_00000225e1f3ea60;  1 drivers
v00000225e1ec6a80_0 .net "S", 0 0, L_00000225e1ee2de0;  alias, 1 drivers
v00000225e1ec5a40_0 .net "Sbar", 0 0, L_00000225e1f3e830;  1 drivers
v00000225e1ec4f00_0 .net "w1", 0 0, L_00000225e1f3ec90;  1 drivers
v00000225e1ec6bc0_0 .net "w2", 0 0, L_00000225e1f3ef30;  1 drivers
S_00000225e1ec7be0 .scope generate, "genblk1[8]" "genblk1[8]" 4 9, 4 9 0, S_00000225e1e2c550;
 .timescale 0 0;
P_00000225e1e72b20 .param/l "k" 0 4 9, +C4<01000>;
S_00000225e1ec78c0 .scope module, "m" "mux_2x1_1bit" 4 10, 5 5 0, S_00000225e1ec7be0;
 .timescale 0 0;
    .port_info 0 /INPUT 1 "I0";
    .port_info 1 /INPUT 1 "I1";
    .port_info 2 /INPUT 1 "S";
    .port_info 3 /OUTPUT 1 "O";
L_00000225e1f3f240 .functor NOT 1, L_00000225e1ee2de0, C4<0>, C4<0>, C4<0>;
L_00000225e1f3ead0 .functor AND 1, L_00000225e1f3f240, L_00000225e1ee13a0, C4<1>, C4<1>;
L_00000225e1f3eb40 .functor AND 1, L_00000225e1ee2de0, L_00000225e1ee0900, C4<1>, C4<1>;
L_00000225e1f3ec20 .functor OR 1, L_00000225e1f3ead0, L_00000225e1f3eb40, C4<0>, C4<0>;
v00000225e1ec5ae0_0 .net "I0", 0 0, L_00000225e1ee13a0;  1 drivers
v00000225e1ec6300_0 .net "I1", 0 0, L_00000225e1ee0900;  1 drivers
v00000225e1ec5b80_0 .net "O", 0 0, L_00000225e1f3ec20;  1 drivers
v00000225e1ec6b20_0 .net "S", 0 0, L_00000225e1ee2de0;  alias, 1 drivers
v00000225e1ec5c20_0 .net "Sbar", 0 0, L_00000225e1f3f240;  1 drivers
v00000225e1ec6c60_0 .net "w1", 0 0, L_00000225e1f3ead0;  1 drivers
v00000225e1ec5cc0_0 .net "w2", 0 0, L_00000225e1f3eb40;  1 drivers
S_00000225e1ec7d70 .scope generate, "genblk1[9]" "genblk1[9]" 4 9, 4 9 0, S_00000225e1e2c550;
 .timescale 0 0;
P_00000225e1e732e0 .param/l "k" 0 4 9, +C4<01001>;
S_00000225e1ec83b0 .scope module, "m" "mux_2x1_1bit" 4 10, 5 5 0, S_00000225e1ec7d70;
 .timescale 0 0;
    .port_info 0 /INPUT 1 "I0";
    .port_info 1 /INPUT 1 "I1";
    .port_info 2 /INPUT 1 "S";
    .port_info 3 /OUTPUT 1 "O";
L_00000225e1f3f0f0 .functor NOT 1, L_00000225e1ee2de0, C4<0>, C4<0>, C4<0>;
L_00000225e1f3e590 .functor AND 1, L_00000225e1f3f0f0, L_00000225e1ee1760, C4<1>, C4<1>;
L_00000225e1f3e670 .functor AND 1, L_00000225e1ee2de0, L_00000225e1ee1b20, C4<1>, C4<1>;
L_00000225e1f3e7c0 .functor OR 1, L_00000225e1f3e590, L_00000225e1f3e670, C4<0>, C4<0>;
v00000225e1ec4dc0_0 .net "I0", 0 0, L_00000225e1ee1760;  1 drivers
v00000225e1ec61c0_0 .net "I1", 0 0, L_00000225e1ee1b20;  1 drivers
v00000225e1ec5ea0_0 .net "O", 0 0, L_00000225e1f3e7c0;  1 drivers
v00000225e1ec5360_0 .net "S", 0 0, L_00000225e1ee2de0;  alias, 1 drivers
v00000225e1ec6080_0 .net "Sbar", 0 0, L_00000225e1f3f0f0;  1 drivers
v00000225e1ec6260_0 .net "w1", 0 0, L_00000225e1f3e590;  1 drivers
v00000225e1ec4e60_0 .net "w2", 0 0, L_00000225e1f3e670;  1 drivers
S_00000225e1ec7730 .scope generate, "genblk1[10]" "genblk1[10]" 4 9, 4 9 0, S_00000225e1e2c550;
 .timescale 0 0;
P_00000225e1e72ee0 .param/l "k" 0 4 9, +C4<01010>;
S_00000225e1ec8220 .scope module, "m" "mux_2x1_1bit" 4 10, 5 5 0, S_00000225e1ec7730;
 .timescale 0 0;
    .port_info 0 /INPUT 1 "I0";
    .port_info 1 /INPUT 1 "I1";
    .port_info 2 /INPUT 1 "S";
    .port_info 3 /OUTPUT 1 "O";
L_00000225e1f3f320 .functor NOT 1, L_00000225e1ee2de0, C4<0>, C4<0>, C4<0>;
L_00000225e1f3ed00 .functor AND 1, L_00000225e1f3f320, L_00000225e1ee0860, C4<1>, C4<1>;
L_00000225e1f3ed70 .functor AND 1, L_00000225e1ee2de0, L_00000225e1ee1940, C4<1>, C4<1>;
L_00000225e1f3efa0 .functor OR 1, L_00000225e1f3ed00, L_00000225e1f3ed70, C4<0>, C4<0>;
v00000225e1ec5040_0 .net "I0", 0 0, L_00000225e1ee0860;  1 drivers
v00000225e1ec5d60_0 .net "I1", 0 0, L_00000225e1ee1940;  1 drivers
v00000225e1ec5180_0 .net "O", 0 0, L_00000225e1f3efa0;  1 drivers
v00000225e1ec5e00_0 .net "S", 0 0, L_00000225e1ee2de0;  alias, 1 drivers
v00000225e1ec5400_0 .net "Sbar", 0 0, L_00000225e1f3f320;  1 drivers
v00000225e1ec63a0_0 .net "w1", 0 0, L_00000225e1f3ed00;  1 drivers
v00000225e1ecc5f0_0 .net "w2", 0 0, L_00000225e1f3ed70;  1 drivers
S_00000225e1ec7a50 .scope generate, "genblk1[11]" "genblk1[11]" 4 9, 4 9 0, S_00000225e1e2c550;
 .timescale 0 0;
P_00000225e1e73320 .param/l "k" 0 4 9, +C4<01011>;
S_00000225e1ec8090 .scope module, "m" "mux_2x1_1bit" 4 10, 5 5 0, S_00000225e1ec7a50;
 .timescale 0 0;
    .port_info 0 /INPUT 1 "I0";
    .port_info 1 /INPUT 1 "I1";
    .port_info 2 /INPUT 1 "S";
    .port_info 3 /OUTPUT 1 "O";
L_00000225e1f3f400 .functor NOT 1, L_00000225e1ee2de0, C4<0>, C4<0>, C4<0>;
L_00000225e1f3ee50 .functor AND 1, L_00000225e1f3f400, L_00000225e1ee2700, C4<1>, C4<1>;
L_00000225e1f3e520 .functor AND 1, L_00000225e1ee2de0, L_00000225e1ee0220, C4<1>, C4<1>;
L_00000225e1f3ede0 .functor OR 1, L_00000225e1f3ee50, L_00000225e1f3e520, C4<0>, C4<0>;
v00000225e1ecb3d0_0 .net "I0", 0 0, L_00000225e1ee2700;  1 drivers
v00000225e1ecc050_0 .net "I1", 0 0, L_00000225e1ee0220;  1 drivers
v00000225e1ecbe70_0 .net "O", 0 0, L_00000225e1f3ede0;  1 drivers
v00000225e1ecb470_0 .net "S", 0 0, L_00000225e1ee2de0;  alias, 1 drivers
v00000225e1ecaf70_0 .net "Sbar", 0 0, L_00000225e1f3f400;  1 drivers
v00000225e1ecb510_0 .net "w1", 0 0, L_00000225e1f3ee50;  1 drivers
v00000225e1ecb5b0_0 .net "w2", 0 0, L_00000225e1f3e520;  1 drivers
S_00000225e1ecd0c0 .scope generate, "genblk1[12]" "genblk1[12]" 4 9, 4 9 0, S_00000225e1e2c550;
 .timescale 0 0;
P_00000225e1e72fa0 .param/l "k" 0 4 9, +C4<01100>;
S_00000225e1ecd3e0 .scope module, "m" "mux_2x1_1bit" 4 10, 5 5 0, S_00000225e1ecd0c0;
 .timescale 0 0;
    .port_info 0 /INPUT 1 "I0";
    .port_info 1 /INPUT 1 "I1";
    .port_info 2 /INPUT 1 "S";
    .port_info 3 /OUTPUT 1 "O";
L_00000225e1f3f010 .functor NOT 1, L_00000225e1ee2de0, C4<0>, C4<0>, C4<0>;
L_00000225e1f3eec0 .functor AND 1, L_00000225e1f3f010, L_00000225e1ee14e0, C4<1>, C4<1>;
L_00000225e1f3f080 .functor AND 1, L_00000225e1ee2de0, L_00000225e1ee0680, C4<1>, C4<1>;
L_00000225e1f3f160 .functor OR 1, L_00000225e1f3eec0, L_00000225e1f3f080, C4<0>, C4<0>;
v00000225e1eca890_0 .net "I0", 0 0, L_00000225e1ee14e0;  1 drivers
v00000225e1ecbc90_0 .net "I1", 0 0, L_00000225e1ee0680;  1 drivers
v00000225e1eca7f0_0 .net "O", 0 0, L_00000225e1f3f160;  1 drivers
v00000225e1ecabb0_0 .net "S", 0 0, L_00000225e1ee2de0;  alias, 1 drivers
v00000225e1ecb650_0 .net "Sbar", 0 0, L_00000225e1f3f010;  1 drivers
v00000225e1ecb1f0_0 .net "w1", 0 0, L_00000225e1f3eec0;  1 drivers
v00000225e1ecae30_0 .net "w2", 0 0, L_00000225e1f3f080;  1 drivers
S_00000225e1ecc8f0 .scope generate, "genblk1[13]" "genblk1[13]" 4 9, 4 9 0, S_00000225e1e2c550;
 .timescale 0 0;
P_00000225e1e72c60 .param/l "k" 0 4 9, +C4<01101>;
S_00000225e1eccf30 .scope module, "m" "mux_2x1_1bit" 4 10, 5 5 0, S_00000225e1ecc8f0;
 .timescale 0 0;
    .port_info 0 /INPUT 1 "I0";
    .port_info 1 /INPUT 1 "I1";
    .port_info 2 /INPUT 1 "S";
    .port_info 3 /OUTPUT 1 "O";
L_00000225e1f3e8a0 .functor NOT 1, L_00000225e1ee2de0, C4<0>, C4<0>, C4<0>;
L_00000225e1f3f1d0 .functor AND 1, L_00000225e1f3e8a0, L_00000225e1ee0180, C4<1>, C4<1>;
L_00000225e1f3f2b0 .functor AND 1, L_00000225e1ee2de0, L_00000225e1ee0540, C4<1>, C4<1>;
L_00000225e1f3f390 .functor OR 1, L_00000225e1f3f1d0, L_00000225e1f3f2b0, C4<0>, C4<0>;
v00000225e1ecb290_0 .net "I0", 0 0, L_00000225e1ee0180;  1 drivers
v00000225e1ecb6f0_0 .net "I1", 0 0, L_00000225e1ee0540;  1 drivers
v00000225e1ecc550_0 .net "O", 0 0, L_00000225e1f3f390;  1 drivers
v00000225e1ecbbf0_0 .net "S", 0 0, L_00000225e1ee2de0;  alias, 1 drivers
v00000225e1ecbf10_0 .net "Sbar", 0 0, L_00000225e1f3e8a0;  1 drivers
v00000225e1ecb330_0 .net "w1", 0 0, L_00000225e1f3f1d0;  1 drivers
v00000225e1ecb790_0 .net "w2", 0 0, L_00000225e1f3f2b0;  1 drivers
S_00000225e1ece510 .scope generate, "genblk1[14]" "genblk1[14]" 4 9, 4 9 0, S_00000225e1e2c550;
 .timescale 0 0;
P_00000225e1e72da0 .param/l "k" 0 4 9, +C4<01110>;
S_00000225e1ecded0 .scope module, "m" "mux_2x1_1bit" 4 10, 5 5 0, S_00000225e1ece510;
 .timescale 0 0;
    .port_info 0 /INPUT 1 "I0";
    .port_info 1 /INPUT 1 "I1";
    .port_info 2 /INPUT 1 "S";
    .port_info 3 /OUTPUT 1 "O";
L_00000225e1f3e6e0 .functor NOT 1, L_00000225e1ee2de0, C4<0>, C4<0>, C4<0>;
L_00000225e1f3e750 .functor AND 1, L_00000225e1f3e6e0, L_00000225e1ee2160, C4<1>, C4<1>;
L_00000225e1f3fca0 .functor AND 1, L_00000225e1ee2de0, L_00000225e1ee09a0, C4<1>, C4<1>;
L_00000225e1f3f610 .functor OR 1, L_00000225e1f3e750, L_00000225e1f3fca0, C4<0>, C4<0>;
v00000225e1ecb8d0_0 .net "I0", 0 0, L_00000225e1ee2160;  1 drivers
v00000225e1ecaa70_0 .net "I1", 0 0, L_00000225e1ee09a0;  1 drivers
v00000225e1ecc2d0_0 .net "O", 0 0, L_00000225e1f3f610;  1 drivers
v00000225e1ecb830_0 .net "S", 0 0, L_00000225e1ee2de0;  alias, 1 drivers
v00000225e1ecb970_0 .net "Sbar", 0 0, L_00000225e1f3e6e0;  1 drivers
v00000225e1ecbdd0_0 .net "w1", 0 0, L_00000225e1f3e750;  1 drivers
v00000225e1ecc190_0 .net "w2", 0 0, L_00000225e1f3fca0;  1 drivers
S_00000225e1ecdd40 .scope generate, "genblk1[15]" "genblk1[15]" 4 9, 4 9 0, S_00000225e1e2c550;
 .timescale 0 0;
P_00000225e1e73360 .param/l "k" 0 4 9, +C4<01111>;
S_00000225e1ece1f0 .scope module, "m" "mux_2x1_1bit" 4 10, 5 5 0, S_00000225e1ecdd40;
 .timescale 0 0;
    .port_info 0 /INPUT 1 "I0";
    .port_info 1 /INPUT 1 "I1";
    .port_info 2 /INPUT 1 "S";
    .port_info 3 /OUTPUT 1 "O";
L_00000225e1f403a0 .functor NOT 1, L_00000225e1ee2de0, C4<0>, C4<0>, C4<0>;
L_00000225e1f40410 .functor AND 1, L_00000225e1f403a0, L_00000225e1ee19e0, C4<1>, C4<1>;
L_00000225e1f3fd80 .functor AND 1, L_00000225e1ee2de0, L_00000225e1ee0b80, C4<1>, C4<1>;
L_00000225e1f3fdf0 .functor OR 1, L_00000225e1f40410, L_00000225e1f3fd80, C4<0>, C4<0>;
v00000225e1ecc410_0 .net "I0", 0 0, L_00000225e1ee19e0;  1 drivers
v00000225e1ecad90_0 .net "I1", 0 0, L_00000225e1ee0b80;  1 drivers
v00000225e1ecbd30_0 .net "O", 0 0, L_00000225e1f3fdf0;  1 drivers
v00000225e1ecab10_0 .net "S", 0 0, L_00000225e1ee2de0;  alias, 1 drivers
v00000225e1ecc370_0 .net "Sbar", 0 0, L_00000225e1f403a0;  1 drivers
v00000225e1ecaed0_0 .net "w1", 0 0, L_00000225e1f40410;  1 drivers
v00000225e1ecbfb0_0 .net "w2", 0 0, L_00000225e1f3fd80;  1 drivers
S_00000225e1ecd250 .scope generate, "genblk1[16]" "genblk1[16]" 4 9, 4 9 0, S_00000225e1e2c550;
 .timescale 0 0;
P_00000225e1e72f20 .param/l "k" 0 4 9, +C4<010000>;
S_00000225e1ecd570 .scope module, "m" "mux_2x1_1bit" 4 10, 5 5 0, S_00000225e1ecd250;
 .timescale 0 0;
    .port_info 0 /INPUT 1 "I0";
    .port_info 1 /INPUT 1 "I1";
    .port_info 2 /INPUT 1 "S";
    .port_info 3 /OUTPUT 1 "O";
L_00000225e1f3fae0 .functor NOT 1, L_00000225e1ee2de0, C4<0>, C4<0>, C4<0>;
L_00000225e1f40170 .functor AND 1, L_00000225e1f3fae0, L_00000225e1ee25c0, C4<1>, C4<1>;
L_00000225e1f3f680 .functor AND 1, L_00000225e1ee2de0, L_00000225e1ee1a80, C4<1>, C4<1>;
L_00000225e1f402c0 .functor OR 1, L_00000225e1f40170, L_00000225e1f3f680, C4<0>, C4<0>;
v00000225e1ecb150_0 .net "I0", 0 0, L_00000225e1ee25c0;  1 drivers
v00000225e1ecc0f0_0 .net "I1", 0 0, L_00000225e1ee1a80;  1 drivers
v00000225e1eca930_0 .net "O", 0 0, L_00000225e1f402c0;  1 drivers
v00000225e1ecc4b0_0 .net "S", 0 0, L_00000225e1ee2de0;  alias, 1 drivers
v00000225e1ecba10_0 .net "Sbar", 0 0, L_00000225e1f3fae0;  1 drivers
v00000225e1eca9d0_0 .net "w1", 0 0, L_00000225e1f40170;  1 drivers
v00000225e1ecac50_0 .net "w2", 0 0, L_00000225e1f3f680;  1 drivers
S_00000225e1ecd700 .scope generate, "genblk1[17]" "genblk1[17]" 4 9, 4 9 0, S_00000225e1e2c550;
 .timescale 0 0;
P_00000225e1e72ba0 .param/l "k" 0 4 9, +C4<010001>;
S_00000225e1ece380 .scope module, "m" "mux_2x1_1bit" 4 10, 5 5 0, S_00000225e1ecd700;
 .timescale 0 0;
    .port_info 0 /INPUT 1 "I0";
    .port_info 1 /INPUT 1 "I1";
    .port_info 2 /INPUT 1 "S";
    .port_info 3 /OUTPUT 1 "O";
L_00000225e1f3fb50 .functor NOT 1, L_00000225e1ee2de0, C4<0>, C4<0>, C4<0>;
L_00000225e1f40020 .functor AND 1, L_00000225e1f3fb50, L_00000225e1ee2200, C4<1>, C4<1>;
L_00000225e1f3f530 .functor AND 1, L_00000225e1ee2de0, L_00000225e1ee22a0, C4<1>, C4<1>;
L_00000225e1f3fbc0 .functor OR 1, L_00000225e1f40020, L_00000225e1f3f530, C4<0>, C4<0>;
v00000225e1eca750_0 .net "I0", 0 0, L_00000225e1ee2200;  1 drivers
v00000225e1ecbab0_0 .net "I1", 0 0, L_00000225e1ee22a0;  1 drivers
v00000225e1ecacf0_0 .net "O", 0 0, L_00000225e1f3fbc0;  1 drivers
v00000225e1ecc230_0 .net "S", 0 0, L_00000225e1ee2de0;  alias, 1 drivers
v00000225e1ecb010_0 .net "Sbar", 0 0, L_00000225e1f3fb50;  1 drivers
v00000225e1ecb0b0_0 .net "w1", 0 0, L_00000225e1f40020;  1 drivers
v00000225e1ecbb50_0 .net "w2", 0 0, L_00000225e1f3f530;  1 drivers
S_00000225e1ecdbb0 .scope generate, "genblk1[18]" "genblk1[18]" 4 9, 4 9 0, S_00000225e1e2c550;
 .timescale 0 0;
P_00000225e1e72ae0 .param/l "k" 0 4 9, +C4<010010>;
S_00000225e1ece060 .scope module, "m" "mux_2x1_1bit" 4 10, 5 5 0, S_00000225e1ecdbb0;
 .timescale 0 0;
    .port_info 0 /INPUT 1 "I0";
    .port_info 1 /INPUT 1 "I1";
    .port_info 2 /INPUT 1 "S";
    .port_info 3 /OUTPUT 1 "O";
L_00000225e1f3fc30 .functor NOT 1, L_00000225e1ee2de0, C4<0>, C4<0>, C4<0>;
L_00000225e1f3fa70 .functor AND 1, L_00000225e1f3fc30, L_00000225e1ee2340, C4<1>, C4<1>;
L_00000225e1f3f7d0 .functor AND 1, L_00000225e1ee2de0, L_00000225e1ee2660, C4<1>, C4<1>;
L_00000225e1f3f5a0 .functor OR 1, L_00000225e1f3fa70, L_00000225e1f3f7d0, C4<0>, C4<0>;
v00000225e1ecf1a0_0 .net "I0", 0 0, L_00000225e1ee2340;  1 drivers
v00000225e1ed03c0_0 .net "I1", 0 0, L_00000225e1ee2660;  1 drivers
v00000225e1ed0780_0 .net "O", 0 0, L_00000225e1f3f5a0;  1 drivers
v00000225e1eceb60_0 .net "S", 0 0, L_00000225e1ee2de0;  alias, 1 drivers
v00000225e1ecfba0_0 .net "Sbar", 0 0, L_00000225e1f3fc30;  1 drivers
v00000225e1ed0320_0 .net "w1", 0 0, L_00000225e1f3fa70;  1 drivers
v00000225e1ecf240_0 .net "w2", 0 0, L_00000225e1f3f7d0;  1 drivers
S_00000225e1ecc760 .scope generate, "genblk1[19]" "genblk1[19]" 4 9, 4 9 0, S_00000225e1e2c550;
 .timescale 0 0;
P_00000225e1e72ca0 .param/l "k" 0 4 9, +C4<010011>;
S_00000225e1ecd890 .scope module, "m" "mux_2x1_1bit" 4 10, 5 5 0, S_00000225e1ecc760;
 .timescale 0 0;
    .port_info 0 /INPUT 1 "I0";
    .port_info 1 /INPUT 1 "I1";
    .port_info 2 /INPUT 1 "S";
    .port_info 3 /OUTPUT 1 "O";
L_00000225e1f40090 .functor NOT 1, L_00000225e1ee2de0, C4<0>, C4<0>, C4<0>;
L_00000225e1f3f920 .functor AND 1, L_00000225e1f40090, L_00000225e1ee3420, C4<1>, C4<1>;
L_00000225e1f40330 .functor AND 1, L_00000225e1ee2de0, L_00000225e1ee28e0, C4<1>, C4<1>;
L_00000225e1f3f8b0 .functor OR 1, L_00000225e1f3f920, L_00000225e1f40330, C4<0>, C4<0>;
v00000225e1ed0280_0 .net "I0", 0 0, L_00000225e1ee3420;  1 drivers
v00000225e1ecf9c0_0 .net "I1", 0 0, L_00000225e1ee28e0;  1 drivers
v00000225e1ecfd80_0 .net "O", 0 0, L_00000225e1f3f8b0;  1 drivers
v00000225e1ecec00_0 .net "S", 0 0, L_00000225e1ee2de0;  alias, 1 drivers
v00000225e1ecf560_0 .net "Sbar", 0 0, L_00000225e1f40090;  1 drivers
v00000225e1ece980_0 .net "w1", 0 0, L_00000225e1f3f920;  1 drivers
v00000225e1ececa0_0 .net "w2", 0 0, L_00000225e1f40330;  1 drivers
S_00000225e1ecca80 .scope generate, "genblk1[20]" "genblk1[20]" 4 9, 4 9 0, S_00000225e1e2c550;
 .timescale 0 0;
P_00000225e1e73460 .param/l "k" 0 4 9, +C4<010100>;
S_00000225e1ecda20 .scope module, "m" "mux_2x1_1bit" 4 10, 5 5 0, S_00000225e1ecca80;
 .timescale 0 0;
    .port_info 0 /INPUT 1 "I0";
    .port_info 1 /INPUT 1 "I1";
    .port_info 2 /INPUT 1 "S";
    .port_info 3 /OUTPUT 1 "O";
L_00000225e1f3f840 .functor NOT 1, L_00000225e1ee2de0, C4<0>, C4<0>, C4<0>;
L_00000225e1f3f6f0 .functor AND 1, L_00000225e1f3f840, L_00000225e1ee2b60, C4<1>, C4<1>;
L_00000225e1f3fe60 .functor AND 1, L_00000225e1ee2de0, L_00000225e1ee3ec0, C4<1>, C4<1>;
L_00000225e1f3fd10 .functor OR 1, L_00000225e1f3f6f0, L_00000225e1f3fe60, C4<0>, C4<0>;
v00000225e1ecf380_0 .net "I0", 0 0, L_00000225e1ee2b60;  1 drivers
v00000225e1ecfce0_0 .net "I1", 0 0, L_00000225e1ee3ec0;  1 drivers
v00000225e1ecfec0_0 .net "O", 0 0, L_00000225e1f3fd10;  1 drivers
v00000225e1ecea20_0 .net "S", 0 0, L_00000225e1ee2de0;  alias, 1 drivers
v00000225e1ed0460_0 .net "Sbar", 0 0, L_00000225e1f3f840;  1 drivers
v00000225e1ecf7e0_0 .net "w1", 0 0, L_00000225e1f3f6f0;  1 drivers
v00000225e1ecff60_0 .net "w2", 0 0, L_00000225e1f3fe60;  1 drivers
S_00000225e1eccc10 .scope generate, "genblk1[21]" "genblk1[21]" 4 9, 4 9 0, S_00000225e1e2c550;
 .timescale 0 0;
P_00000225e1e72ce0 .param/l "k" 0 4 9, +C4<010101>;
S_00000225e1eccda0 .scope module, "m" "mux_2x1_1bit" 4 10, 5 5 0, S_00000225e1eccc10;
 .timescale 0 0;
    .port_info 0 /INPUT 1 "I0";
    .port_info 1 /INPUT 1 "I1";
    .port_info 2 /INPUT 1 "S";
    .port_info 3 /OUTPUT 1 "O";
L_00000225e1f401e0 .functor NOT 1, L_00000225e1ee2de0, C4<0>, C4<0>, C4<0>;
L_00000225e1f3f760 .functor AND 1, L_00000225e1f401e0, L_00000225e1ee3c40, C4<1>, C4<1>;
L_00000225e1f3f990 .functor AND 1, L_00000225e1ee2de0, L_00000225e1ee2fc0, C4<1>, C4<1>;
L_00000225e1f40100 .functor OR 1, L_00000225e1f3f760, L_00000225e1f3f990, C4<0>, C4<0>;
v00000225e1ed01e0_0 .net "I0", 0 0, L_00000225e1ee3c40;  1 drivers
v00000225e1ecf740_0 .net "I1", 0 0, L_00000225e1ee2fc0;  1 drivers
v00000225e1ecf880_0 .net "O", 0 0, L_00000225e1f40100;  1 drivers
v00000225e1eced40_0 .net "S", 0 0, L_00000225e1ee2de0;  alias, 1 drivers
v00000225e1ecf4c0_0 .net "Sbar", 0 0, L_00000225e1f401e0;  1 drivers
v00000225e1ecfb00_0 .net "w1", 0 0, L_00000225e1f3f760;  1 drivers
v00000225e1ecf600_0 .net "w2", 0 0, L_00000225e1f3f990;  1 drivers
S_00000225e1ed8fe0 .scope generate, "genblk1[22]" "genblk1[22]" 4 9, 4 9 0, S_00000225e1e2c550;
 .timescale 0 0;
P_00000225e1e72d20 .param/l "k" 0 4 9, +C4<010110>;
S_00000225e1ed8b30 .scope module, "m" "mux_2x1_1bit" 4 10, 5 5 0, S_00000225e1ed8fe0;
 .timescale 0 0;
    .port_info 0 /INPUT 1 "I0";
    .port_info 1 /INPUT 1 "I1";
    .port_info 2 /INPUT 1 "S";
    .port_info 3 /OUTPUT 1 "O";
L_00000225e1f3fed0 .functor NOT 1, L_00000225e1ee2de0, C4<0>, C4<0>, C4<0>;
L_00000225e1f3fa00 .functor AND 1, L_00000225e1f3fed0, L_00000225e1ee3a60, C4<1>, C4<1>;
L_00000225e1f3ff40 .functor AND 1, L_00000225e1ee2de0, L_00000225e1ee3880, C4<1>, C4<1>;
L_00000225e1f3ffb0 .functor OR 1, L_00000225e1f3fa00, L_00000225e1f3ff40, C4<0>, C4<0>;
v00000225e1eceac0_0 .net "I0", 0 0, L_00000225e1ee3a60;  1 drivers
v00000225e1ed0500_0 .net "I1", 0 0, L_00000225e1ee3880;  1 drivers
v00000225e1ecede0_0 .net "O", 0 0, L_00000225e1f3ffb0;  1 drivers
v00000225e1ecee80_0 .net "S", 0 0, L_00000225e1ee2de0;  alias, 1 drivers
v00000225e1ecf6a0_0 .net "Sbar", 0 0, L_00000225e1f3fed0;  1 drivers
v00000225e1ecef20_0 .net "w1", 0 0, L_00000225e1f3fa00;  1 drivers
v00000225e1ecf2e0_0 .net "w2", 0 0, L_00000225e1f3ff40;  1 drivers
S_00000225e1eda750 .scope generate, "genblk1[23]" "genblk1[23]" 4 9, 4 9 0, S_00000225e1e2c550;
 .timescale 0 0;
P_00000225e1e73060 .param/l "k" 0 4 9, +C4<010111>;
S_00000225e1ed9300 .scope module, "m" "mux_2x1_1bit" 4 10, 5 5 0, S_00000225e1eda750;
 .timescale 0 0;
    .port_info 0 /INPUT 1 "I0";
    .port_info 1 /INPUT 1 "I1";
    .port_info 2 /INPUT 1 "S";
    .port_info 3 /OUTPUT 1 "O";
L_00000225e1f40250 .functor NOT 1, L_00000225e1ee2de0, C4<0>, C4<0>, C4<0>;
L_00000225e1f43750 .functor AND 1, L_00000225e1f40250, L_00000225e1ee3b00, C4<1>, C4<1>;
L_00000225e1f43b40 .functor AND 1, L_00000225e1ee2de0, L_00000225e1ee2d40, C4<1>, C4<1>;
L_00000225e1f42fe0 .functor OR 1, L_00000225e1f43750, L_00000225e1f43b40, C4<0>, C4<0>;
v00000225e1ecf100_0 .net "I0", 0 0, L_00000225e1ee3b00;  1 drivers
v00000225e1ed0820_0 .net "I1", 0 0, L_00000225e1ee2d40;  1 drivers
v00000225e1ed05a0_0 .net "O", 0 0, L_00000225e1f42fe0;  1 drivers
v00000225e1ecf920_0 .net "S", 0 0, L_00000225e1ee2de0;  alias, 1 drivers
v00000225e1ecfe20_0 .net "Sbar", 0 0, L_00000225e1f40250;  1 drivers
v00000225e1ecfa60_0 .net "w1", 0 0, L_00000225e1f43750;  1 drivers
v00000225e1ecfc40_0 .net "w2", 0 0, L_00000225e1f43b40;  1 drivers
S_00000225e1ed9490 .scope generate, "genblk1[24]" "genblk1[24]" 4 9, 4 9 0, S_00000225e1e2c550;
 .timescale 0 0;
P_00000225e1e734a0 .param/l "k" 0 4 9, +C4<011000>;
S_00000225e1ed9ad0 .scope module, "m" "mux_2x1_1bit" 4 10, 5 5 0, S_00000225e1ed9490;
 .timescale 0 0;
    .port_info 0 /INPUT 1 "I0";
    .port_info 1 /INPUT 1 "I1";
    .port_info 2 /INPUT 1 "S";
    .port_info 3 /OUTPUT 1 "O";
L_00000225e1f434b0 .functor NOT 1, L_00000225e1ee2de0, C4<0>, C4<0>, C4<0>;
L_00000225e1f43360 .functor AND 1, L_00000225e1f434b0, L_00000225e1ee2e80, C4<1>, C4<1>;
L_00000225e1f43de0 .functor AND 1, L_00000225e1ee2de0, L_00000225e1ee2980, C4<1>, C4<1>;
L_00000225e1f43670 .functor OR 1, L_00000225e1f43360, L_00000225e1f43de0, C4<0>, C4<0>;
v00000225e1ed0640_0 .net "I0", 0 0, L_00000225e1ee2e80;  1 drivers
v00000225e1ecefc0_0 .net "I1", 0 0, L_00000225e1ee2980;  1 drivers
v00000225e1ed0000_0 .net "O", 0 0, L_00000225e1f43670;  1 drivers
v00000225e1ecf060_0 .net "S", 0 0, L_00000225e1ee2de0;  alias, 1 drivers
v00000225e1ecf420_0 .net "Sbar", 0 0, L_00000225e1f434b0;  1 drivers
v00000225e1ed00a0_0 .net "w1", 0 0, L_00000225e1f43360;  1 drivers
v00000225e1ed0140_0 .net "w2", 0 0, L_00000225e1f43de0;  1 drivers
S_00000225e1eda2a0 .scope generate, "genblk1[25]" "genblk1[25]" 4 9, 4 9 0, S_00000225e1e2c550;
 .timescale 0 0;
P_00000225e1e72e60 .param/l "k" 0 4 9, +C4<011001>;
S_00000225e1eda5c0 .scope module, "m" "mux_2x1_1bit" 4 10, 5 5 0, S_00000225e1eda2a0;
 .timescale 0 0;
    .port_info 0 /INPUT 1 "I0";
    .port_info 1 /INPUT 1 "I1";
    .port_info 2 /INPUT 1 "S";
    .port_info 3 /OUTPUT 1 "O";
L_00000225e1f43ad0 .functor NOT 1, L_00000225e1ee2de0, C4<0>, C4<0>, C4<0>;
L_00000225e1f437c0 .functor AND 1, L_00000225e1f43ad0, L_00000225e1ee3ce0, C4<1>, C4<1>;
L_00000225e1f432f0 .functor AND 1, L_00000225e1ee2de0, L_00000225e1ee3d80, C4<1>, C4<1>;
L_00000225e1f438a0 .functor OR 1, L_00000225e1f437c0, L_00000225e1f432f0, C4<0>, C4<0>;
v00000225e1ed06e0_0 .net "I0", 0 0, L_00000225e1ee3ce0;  1 drivers
v00000225e1edb8f0_0 .net "I1", 0 0, L_00000225e1ee3d80;  1 drivers
v00000225e1edca70_0 .net "O", 0 0, L_00000225e1f438a0;  1 drivers
v00000225e1edc570_0 .net "S", 0 0, L_00000225e1ee2de0;  alias, 1 drivers
v00000225e1edc070_0 .net "Sbar", 0 0, L_00000225e1f43ad0;  1 drivers
v00000225e1edc6b0_0 .net "w1", 0 0, L_00000225e1f437c0;  1 drivers
v00000225e1edcb10_0 .net "w2", 0 0, L_00000225e1f432f0;  1 drivers
S_00000225e1ed89a0 .scope generate, "genblk1[26]" "genblk1[26]" 4 9, 4 9 0, S_00000225e1e2c550;
 .timescale 0 0;
P_00000225e1e72de0 .param/l "k" 0 4 9, +C4<011010>;
S_00000225e1ed9df0 .scope module, "m" "mux_2x1_1bit" 4 10, 5 5 0, S_00000225e1ed89a0;
 .timescale 0 0;
    .port_info 0 /INPUT 1 "I0";
    .port_info 1 /INPUT 1 "I1";
    .port_info 2 /INPUT 1 "S";
    .port_info 3 /OUTPUT 1 "O";
L_00000225e1f43a60 .functor NOT 1, L_00000225e1ee2de0, C4<0>, C4<0>, C4<0>;
L_00000225e1f430c0 .functor AND 1, L_00000225e1f43a60, L_00000225e1ee34c0, C4<1>, C4<1>;
L_00000225e1f43520 .functor AND 1, L_00000225e1ee2de0, L_00000225e1ee3ba0, C4<1>, C4<1>;
L_00000225e1f43c90 .functor OR 1, L_00000225e1f430c0, L_00000225e1f43520, C4<0>, C4<0>;
v00000225e1edae50_0 .net "I0", 0 0, L_00000225e1ee34c0;  1 drivers
v00000225e1edc930_0 .net "I1", 0 0, L_00000225e1ee3ba0;  1 drivers
v00000225e1edbc10_0 .net "O", 0 0, L_00000225e1f43c90;  1 drivers
v00000225e1edb2b0_0 .net "S", 0 0, L_00000225e1ee2de0;  alias, 1 drivers
v00000225e1edb670_0 .net "Sbar", 0 0, L_00000225e1f43a60;  1 drivers
v00000225e1edba30_0 .net "w1", 0 0, L_00000225e1f430c0;  1 drivers
v00000225e1edb990_0 .net "w2", 0 0, L_00000225e1f43520;  1 drivers
S_00000225e1ed8cc0 .scope generate, "genblk1[27]" "genblk1[27]" 4 9, 4 9 0, S_00000225e1e2c550;
 .timescale 0 0;
P_00000225e1e73660 .param/l "k" 0 4 9, +C4<011011>;
S_00000225e1eda430 .scope module, "m" "mux_2x1_1bit" 4 10, 5 5 0, S_00000225e1ed8cc0;
 .timescale 0 0;
    .port_info 0 /INPUT 1 "I0";
    .port_info 1 /INPUT 1 "I1";
    .port_info 2 /INPUT 1 "S";
    .port_info 3 /OUTPUT 1 "O";
L_00000225e1f43050 .functor NOT 1, L_00000225e1ee2de0, C4<0>, C4<0>, C4<0>;
L_00000225e1f43e50 .functor AND 1, L_00000225e1f43050, L_00000225e1ee3e20, C4<1>, C4<1>;
L_00000225e1f43d70 .functor AND 1, L_00000225e1ee2de0, L_00000225e1ee3560, C4<1>, C4<1>;
L_00000225e1f42f70 .functor OR 1, L_00000225e1f43e50, L_00000225e1f43d70, C4<0>, C4<0>;
v00000225e1edb530_0 .net "I0", 0 0, L_00000225e1ee3e20;  1 drivers
v00000225e1edc1b0_0 .net "I1", 0 0, L_00000225e1ee3560;  1 drivers
v00000225e1edbcb0_0 .net "O", 0 0, L_00000225e1f42f70;  1 drivers
v00000225e1edb5d0_0 .net "S", 0 0, L_00000225e1ee2de0;  alias, 1 drivers
v00000225e1edbad0_0 .net "Sbar", 0 0, L_00000225e1f43050;  1 drivers
v00000225e1edaef0_0 .net "w1", 0 0, L_00000225e1f43e50;  1 drivers
v00000225e1edc9d0_0 .net "w2", 0 0, L_00000225e1f43d70;  1 drivers
S_00000225e1ed97b0 .scope generate, "genblk1[28]" "genblk1[28]" 4 9, 4 9 0, S_00000225e1e2c550;
 .timescale 0 0;
P_00000225e1e731e0 .param/l "k" 0 4 9, +C4<011100>;
S_00000225e1ed8e50 .scope module, "m" "mux_2x1_1bit" 4 10, 5 5 0, S_00000225e1ed97b0;
 .timescale 0 0;
    .port_info 0 /INPUT 1 "I0";
    .port_info 1 /INPUT 1 "I1";
    .port_info 2 /INPUT 1 "S";
    .port_info 3 /OUTPUT 1 "O";
L_00000225e1f43280 .functor NOT 1, L_00000225e1ee2de0, C4<0>, C4<0>, C4<0>;
L_00000225e1f433d0 .functor AND 1, L_00000225e1f43280, L_00000225e1ee2ac0, C4<1>, C4<1>;
L_00000225e1f43c20 .functor AND 1, L_00000225e1ee2de0, L_00000225e1ee2c00, C4<1>, C4<1>;
L_00000225e1f436e0 .functor OR 1, L_00000225e1f433d0, L_00000225e1f43c20, C4<0>, C4<0>;
v00000225e1edaf90_0 .net "I0", 0 0, L_00000225e1ee2ac0;  1 drivers
v00000225e1edc2f0_0 .net "I1", 0 0, L_00000225e1ee2c00;  1 drivers
v00000225e1edb030_0 .net "O", 0 0, L_00000225e1f436e0;  1 drivers
v00000225e1edb210_0 .net "S", 0 0, L_00000225e1ee2de0;  alias, 1 drivers
v00000225e1edbb70_0 .net "Sbar", 0 0, L_00000225e1f43280;  1 drivers
v00000225e1edb850_0 .net "w1", 0 0, L_00000225e1f433d0;  1 drivers
v00000225e1edb490_0 .net "w2", 0 0, L_00000225e1f43c20;  1 drivers
S_00000225e1ed9620 .scope generate, "genblk1[29]" "genblk1[29]" 4 9, 4 9 0, S_00000225e1e2c550;
 .timescale 0 0;
P_00000225e1e72fe0 .param/l "k" 0 4 9, +C4<011101>;
S_00000225e1ed9940 .scope module, "m" "mux_2x1_1bit" 4 10, 5 5 0, S_00000225e1ed9620;
 .timescale 0 0;
    .port_info 0 /INPUT 1 "I0";
    .port_info 1 /INPUT 1 "I1";
    .port_info 2 /INPUT 1 "S";
    .port_info 3 /OUTPUT 1 "O";
L_00000225e1f43130 .functor NOT 1, L_00000225e1ee2de0, C4<0>, C4<0>, C4<0>;
L_00000225e1f43bb0 .functor AND 1, L_00000225e1f43130, L_00000225e1ee3f60, C4<1>, C4<1>;
L_00000225e1f43d00 .functor AND 1, L_00000225e1ee2de0, L_00000225e1ee39c0, C4<1>, C4<1>;
L_00000225e1f43830 .functor OR 1, L_00000225e1f43bb0, L_00000225e1f43d00, C4<0>, C4<0>;
v00000225e1edbd50_0 .net "I0", 0 0, L_00000225e1ee3f60;  1 drivers
v00000225e1edbdf0_0 .net "I1", 0 0, L_00000225e1ee39c0;  1 drivers
v00000225e1edcbb0_0 .net "O", 0 0, L_00000225e1f43830;  1 drivers
v00000225e1edc250_0 .net "S", 0 0, L_00000225e1ee2de0;  alias, 1 drivers
v00000225e1edc4d0_0 .net "Sbar", 0 0, L_00000225e1f43130;  1 drivers
v00000225e1edbe90_0 .net "w1", 0 0, L_00000225e1f43bb0;  1 drivers
v00000225e1edbf30_0 .net "w2", 0 0, L_00000225e1f43d00;  1 drivers
S_00000225e1ed9170 .scope generate, "genblk1[30]" "genblk1[30]" 4 9, 4 9 0, S_00000225e1e2c550;
 .timescale 0 0;
P_00000225e1e73160 .param/l "k" 0 4 9, +C4<011110>;
S_00000225e1ed9c60 .scope module, "m" "mux_2x1_1bit" 4 10, 5 5 0, S_00000225e1ed9170;
 .timescale 0 0;
    .port_info 0 /INPUT 1 "I0";
    .port_info 1 /INPUT 1 "I1";
    .port_info 2 /INPUT 1 "S";
    .port_info 3 /OUTPUT 1 "O";
L_00000225e1f431a0 .functor NOT 1, L_00000225e1ee2de0, C4<0>, C4<0>, C4<0>;
L_00000225e1f43210 .functor AND 1, L_00000225e1f431a0, L_00000225e1ee2a20, C4<1>, C4<1>;
L_00000225e1f43980 .functor AND 1, L_00000225e1ee2de0, L_00000225e1ee2ca0, C4<1>, C4<1>;
L_00000225e1f43910 .functor OR 1, L_00000225e1f43210, L_00000225e1f43980, C4<0>, C4<0>;
v00000225e1edbfd0_0 .net "I0", 0 0, L_00000225e1ee2a20;  1 drivers
v00000225e1edb0d0_0 .net "I1", 0 0, L_00000225e1ee2ca0;  1 drivers
v00000225e1edcc50_0 .net "O", 0 0, L_00000225e1f43910;  1 drivers
v00000225e1edc110_0 .net "S", 0 0, L_00000225e1ee2de0;  alias, 1 drivers
v00000225e1edc390_0 .net "Sbar", 0 0, L_00000225e1f431a0;  1 drivers
v00000225e1edc430_0 .net "w1", 0 0, L_00000225e1f43210;  1 drivers
v00000225e1edc7f0_0 .net "w2", 0 0, L_00000225e1f43980;  1 drivers
S_00000225e1ed9f80 .scope generate, "genblk1[31]" "genblk1[31]" 4 9, 4 9 0, S_00000225e1e2c550;
 .timescale 0 0;
P_00000225e1e736a0 .param/l "k" 0 4 9, +C4<011111>;
S_00000225e1eda110 .scope module, "m" "mux_2x1_1bit" 4 10, 5 5 0, S_00000225e1ed9f80;
 .timescale 0 0;
    .port_info 0 /INPUT 1 "I0";
    .port_info 1 /INPUT 1 "I1";
    .port_info 2 /INPUT 1 "S";
    .port_info 3 /OUTPUT 1 "O";
L_00000225e1f43590 .functor NOT 1, L_00000225e1ee2de0, C4<0>, C4<0>, C4<0>;
L_00000225e1f43440 .functor AND 1, L_00000225e1f43590, L_00000225e1ee36a0, C4<1>, C4<1>;
L_00000225e1f43600 .functor AND 1, L_00000225e1ee2de0, L_00000225e1ee3740, C4<1>, C4<1>;
L_00000225e1f439f0 .functor OR 1, L_00000225e1f43440, L_00000225e1f43600, C4<0>, C4<0>;
v00000225e1edadb0_0 .net "I0", 0 0, L_00000225e1ee36a0;  1 drivers
v00000225e1edb7b0_0 .net "I1", 0 0, L_00000225e1ee3740;  1 drivers
v00000225e1edc750_0 .net "O", 0 0, L_00000225e1f439f0;  1 drivers
v00000225e1edc610_0 .net "S", 0 0, L_00000225e1ee2de0;  alias, 1 drivers
v00000225e1edb170_0 .net "Sbar", 0 0, L_00000225e1f43590;  1 drivers
v00000225e1edc890_0 .net "w1", 0 0, L_00000225e1f43440;  1 drivers
v00000225e1edb350_0 .net "w2", 0 0, L_00000225e1f43600;  1 drivers
S_00000225e1ee6110 .scope module, "z" "data_memory" 2 27, 6 1 0, S_00000225e1e281e0;
 .timescale 0 0;
    .port_info 0 /INPUT 16 "DataIn";
    .port_info 1 /INPUT 32 "Address";
    .port_info 2 /INPUT 1 "MemoryRead";
    .port_info 3 /INPUT 1 "MemoryWrite";
    .port_info 4 /OUTPUT 16 "DataOut";
L_00000225e1ee6500 .functor BUFT 1, C4<1>, C4<0>, C4<0>, C4<0>;
L_00000225e1f468e0 .functor XNOR 1, L_00000225e1ee3920, L_00000225e1ee6500, C4<0>, C4<0>;
v00000225e1ee0c20_0 .net "Address", 31 0, L_00000225e1ee37e0;  alias, 1 drivers
v00000225e1ee1580_0 .net "DataIn", 15 0, L_00000225e1ee3100;  1 drivers
v00000225e1ee1620_0 .net "DataOut", 15 0, L_00000225e1ee3060;  alias, 1 drivers
v00000225e1ee2020 .array "Memory", 2047 0, 15 0;
v00000225e1ee0360_0 .net "MemoryRead", 0 0, L_00000225e1ee3920;  1 drivers
v00000225e1ee1080_0 .net "MemoryWrite", 0 0, L_00000225e1ee31a0;  1 drivers
v00000225e1ee1120_0 .net/2u *"_ivl_0", 0 0, L_00000225e1ee6500;  1 drivers
v00000225e1ee05e0_0 .net *"_ivl_2", 0 0, L_00000225e1f468e0;  1 drivers
v00000225e1ee2480_0 .net *"_ivl_4", 15 0, L_00000225e1ee2f20;  1 drivers
L_00000225e1ee6548 .functor BUFT 1, C4<1111111111111111>, C4<0>, C4<0>, C4<0>;
v00000225e1ee1c60_0 .net/2u *"_ivl_6", 15 0, L_00000225e1ee6548;  1 drivers
E_00000225e1e72f60 .event anyedge, v00000225e1ee1080_0, v00000225e1ee1580_0, v00000225e1ee0cc0_0;
L_00000225e1ee2f20 .array/port v00000225e1ee2020, L_00000225e1ee37e0;
L_00000225e1ee3060 .functor MUXZ 16, L_00000225e1ee6548, L_00000225e1ee2f20, L_00000225e1f468e0, C4<>;
    .scope S_00000225e1ee6110;
T_0 ;
    %wait E_00000225e1e72f60;
    %load/vec4 v00000225e1ee1080_0;
    %cmpi/e 1, 0, 1;
    %jmp/0xz  T_0.0, 4;
    %load/vec4 v00000225e1ee1580_0;
    %ix/getv 3, v00000225e1ee0c20_0;
    %ix/load 4, 0, 0; Constant delay
    %assign/vec4/a/d v00000225e1ee2020, 0, 4;
T_0.0 ;
    %jmp T_0;
    .thread T_0, $push;
# The file index is used to find the file name in the following table.
:file_names 7;
    "N/A";
    "<interactive>";
    "memory_stage.v";
    "./append_zeros.v";
    "./mux_2x1_32bit.v";
    "./mux_2x1_1bit.v";
    "./data_memory.v";
