#! /c/Source/iverilog-install/bin/vvp
:ivl_version "12.0 (devel)" "(s20150603-1539-g2693dd32b)";
:ivl_delay_selection "TYPICAL";
:vpi_time_precision + 0;
:vpi_module "C:\iverilog\lib\ivl\system.vpi";
:vpi_module "C:\iverilog\lib\ivl\vhdl_sys.vpi";
:vpi_module "C:\iverilog\lib\ivl\vhdl_textio.vpi";
:vpi_module "C:\iverilog\lib\ivl\v2005_math.vpi";
:vpi_module "C:\iverilog\lib\ivl\va_math.vpi";
S_0000028ed105ed00 .scope module, "register_generic" "register_generic" 2 1;
 .timescale 0 0;
    .port_info 0 /INPUT 1 "Enable";
    .port_info 1 /INPUT 1 "Reset";
    .port_info 2 /INPUT 1 "Clk";
    .port_info 3 /INPUT 16 "InData";
    .port_info 4 /OUTPUT 16 "OutData";
P_0000028ed105c1b0 .param/l "N" 0 2 1, +C4<00000000000000000000000000010000>;
L_0000028ed10a49e0 .functor BUFZ 16, v0000028ed1073740_0, C4<0000000000000000>, C4<0000000000000000>, C4<0000000000000000>;
o0000028ed10a6fb8 .functor BUFZ 1, C4<z>; HiZ drive
v0000028ed10738f0_0 .net "Clk", 0 0, o0000028ed10a6fb8;  0 drivers
v0000028ed1073740_0 .var "Data", 15 0;
o0000028ed10a7018 .functor BUFZ 1, C4<z>; HiZ drive
v0000028ed105ee90_0 .net "Enable", 0 0, o0000028ed10a7018;  0 drivers
o0000028ed10a7048 .functor BUFZ 16, C4<zzzzzzzzzzzzzzzz>; HiZ drive
v0000028ed105ef30_0 .net "InData", 15 0, o0000028ed10a7048;  0 drivers
v0000028ed105b840_0 .net "OutData", 15 0, L_0000028ed10a49e0;  1 drivers
o0000028ed10a70a8 .functor BUFZ 1, C4<z>; HiZ drive
v0000028ed105b8e0_0 .net "Reset", 0 0, o0000028ed10a70a8;  0 drivers
E_0000028ed105c830 .event posedge, v0000028ed10738f0_0;
    .scope S_0000028ed105ed00;
T_0 ;
    %wait E_0000028ed105c830;
    %load/vec4 v0000028ed105b8e0_0;
    %flag_set/vec4 8;
    %jmp/0xz  T_0.0, 8;
    %pushi/vec4 0, 0, 16;
    %assign/vec4 v0000028ed1073740_0, 0;
    %jmp T_0.1;
T_0.0 ;
    %load/vec4 v0000028ed105ee90_0;
    %flag_set/vec4 8;
    %jmp/0xz  T_0.2, 8;
    %load/vec4 v0000028ed105ef30_0;
    %assign/vec4 v0000028ed1073740_0, 0;
    %jmp T_0.3;
T_0.2 ;
    %load/vec4 v0000028ed1073740_0;
    %assign/vec4 v0000028ed1073740_0, 0;
T_0.3 ;
T_0.1 ;
    %jmp T_0;
    .thread T_0;
# The file index is used to find the file name in the following table.
:file_names 3;
    "N/A";
    "<interactive>";
    "register_generic.v";
