#! /c/Source/iverilog-install/bin/vvp
:ivl_version "12.0 (devel)" "(s20150603-1539-g2693dd32b)";
:ivl_delay_selection "TYPICAL";
:vpi_time_precision + 0;
:vpi_module "C:\iverilog\lib\ivl\system.vpi";
:vpi_module "C:\iverilog\lib\ivl\vhdl_sys.vpi";
:vpi_module "C:\iverilog\lib\ivl\vhdl_textio.vpi";
:vpi_module "C:\iverilog\lib\ivl\v2005_math.vpi";
:vpi_module "C:\iverilog\lib\ivl\va_math.vpi";
S_000002a028386d00 .scope module, "register_32bit_PC" "register_32bit_PC" 2 1;
 .timescale 0 0;
    .port_info 0 /INPUT 1 "Rst";
    .port_info 1 /INPUT 1 "Clk";
    .port_info 2 /INPUT 32 "InData";
    .port_info 3 /INPUT 1 "jumpSignal";
    .port_info 4 /INPUT 32 "Rdst";
    .port_info 5 /INPUT 1 "interruptSignal";
    .port_info 6 /INPUT 1 "RetRti";
    .port_info 7 /INPUT 32 "dataFromWrightBack";
    .port_info 8 /INPUT 1 "callSignal";
    .port_info 9 /OUTPUT 32 "OutData";
o000002a028296fd8 .functor BUFZ 1, C4<z>; HiZ drive
v000002a028387270_0 .net "Clk", 0 0, o000002a028296fd8;  0 drivers
o000002a028297008 .functor BUFZ 32, C4<zzzzzzzzzzzzzzzzzzzzzzzzzzzzzzzz>; HiZ drive
v000002a028386f40_0 .net "InData", 31 0, o000002a028297008;  0 drivers
v000002a028386fe0_0 .var "OutData", 31 0;
o000002a028297068 .functor BUFZ 32, C4<zzzzzzzzzzzzzzzzzzzzzzzzzzzzzzzz>; HiZ drive
v000002a02838bcf0_0 .net "Rdst", 31 0, o000002a028297068;  0 drivers
o000002a028297098 .functor BUFZ 1, C4<z>; HiZ drive
v000002a02838bd90_0 .net "RetRti", 0 0, o000002a028297098;  0 drivers
o000002a0282970c8 .functor BUFZ 1, C4<z>; HiZ drive
v000002a02838be30_0 .net "Rst", 0 0, o000002a0282970c8;  0 drivers
o000002a0282970f8 .functor BUFZ 1, C4<z>; HiZ drive
v000002a02838bed0_0 .net "callSignal", 0 0, o000002a0282970f8;  0 drivers
o000002a028297128 .functor BUFZ 32, C4<zzzzzzzzzzzzzzzzzzzzzzzzzzzzzzzz>; HiZ drive
v000002a0282915d0_0 .net "dataFromWrightBack", 31 0, o000002a028297128;  0 drivers
o000002a028297158 .functor BUFZ 1, C4<z>; HiZ drive
v000002a028291670_0 .net "interruptSignal", 0 0, o000002a028297158;  0 drivers
o000002a028297188 .functor BUFZ 1, C4<z>; HiZ drive
v000002a0282917a0_0 .net "jumpSignal", 0 0, o000002a028297188;  0 drivers
E_000002a028296cb0 .event posedge, v000002a028387270_0;
    .scope S_000002a028386d00;
T_0 ;
    %wait E_000002a028296cb0;
    %load/vec4 v000002a02838be30_0;
    %flag_set/vec4 8;
    %jmp/0xz  T_0.0, 8;
    %pushi/vec4 32, 0, 32;
    %assign/vec4 v000002a028386fe0_0, 0;
    %jmp T_0.1;
T_0.0 ;
    %load/vec4 v000002a0282917a0_0;
    %flag_set/vec4 8;
    %jmp/0xz  T_0.2, 8;
    %load/vec4 v000002a02838bcf0_0;
    %assign/vec4 v000002a028386fe0_0, 0;
    %jmp T_0.3;
T_0.2 ;
    %load/vec4 v000002a028291670_0;
    %flag_set/vec4 8;
    %jmp/0xz  T_0.4, 8;
    %pushi/vec4 0, 0, 32;
    %assign/vec4 v000002a028386fe0_0, 0;
    %jmp T_0.5;
T_0.4 ;
    %load/vec4 v000002a02838bd90_0;
    %load/vec4 v000002a02838bed0_0;
    %or;
    %flag_set/vec4 8;
    %jmp/0xz  T_0.6, 8;
    %load/vec4 v000002a0282915d0_0;
    %assign/vec4 v000002a028386fe0_0, 0;
    %jmp T_0.7;
T_0.6 ;
    %load/vec4 v000002a028386f40_0;
    %assign/vec4 v000002a028386fe0_0, 0;
T_0.7 ;
T_0.5 ;
T_0.3 ;
T_0.1 ;
    %jmp T_0;
    .thread T_0;
# The file index is used to find the file name in the following table.
:file_names 3;
    "N/A";
    "<interactive>";
    "register_32bit_PC.v";
